Using pre-set license
Built from '2022.3/release' branch; Version is '2022.3.12f1 (4fe6e059c7ef) revision 5236448'; Using compiler version '192829333'; Build Type 'Release'
OS: 'Windows 11  (10.0.22631) 64bit Core' Language: 'ko' Physical Memory: 32609 MB
BatchMode: 1, IsHumanControllingUs: 0, StartBugReporterOnCrash: 0, Is64bit: 1, IsPro: 1

COMMAND LINE ARGUMENTS:
C:\Program Files\Unity\Hub\Editor\2022.3.12f1\Editor\Unity.exe
-adb2
-batchMode
-noUpm
-name
AssetImportWorker0
-projectPath
C:/GitHub_JorJack/VR
-logFile
Logs/AssetImportWorker0.log
-srvPort
2363
Successfully changed project path to: C:/GitHub_JorJack/VR
C:/GitHub_JorJack/VR
[UnityMemory] Configuration Parameters - Can be set up in boot.config
    "memorysetup-bucket-allocator-granularity=16"
    "memorysetup-bucket-allocator-bucket-count=8"
    "memorysetup-bucket-allocator-block-size=33554432"
    "memorysetup-bucket-allocator-block-count=8"
    "memorysetup-main-allocator-block-size=16777216"
    "memorysetup-thread-allocator-block-size=16777216"
    "memorysetup-gfx-main-allocator-block-size=16777216"
    "memorysetup-gfx-thread-allocator-block-size=16777216"
    "memorysetup-cache-allocator-block-size=4194304"
    "memorysetup-typetree-allocator-block-size=2097152"
    "memorysetup-profiler-bucket-allocator-granularity=16"
    "memorysetup-profiler-bucket-allocator-bucket-count=8"
    "memorysetup-profiler-bucket-allocator-block-size=33554432"
    "memorysetup-profiler-bucket-allocator-block-count=8"
    "memorysetup-profiler-allocator-block-size=16777216"
    "memorysetup-profiler-editor-allocator-block-size=1048576"
    "memorysetup-temp-allocator-size-main=16777216"
    "memorysetup-job-temp-allocator-block-size=2097152"
    "memorysetup-job-temp-allocator-block-size-background=1048576"
    "memorysetup-job-temp-allocator-reduction-small-platforms=262144"
    "memorysetup-allocator-temp-initial-block-size-main=262144"
    "memorysetup-allocator-temp-initial-block-size-worker=262144"
    "memorysetup-temp-allocator-size-background-worker=32768"
    "memorysetup-temp-allocator-size-job-worker=262144"
    "memorysetup-temp-allocator-size-preload-manager=33554432"
    "memorysetup-temp-allocator-size-nav-mesh-worker=65536"
    "memorysetup-temp-allocator-size-audio-worker=65536"
    "memorysetup-temp-allocator-size-cloud-worker=32768"
    "memorysetup-temp-allocator-size-gi-baking-worker=262144"
    "memorysetup-temp-allocator-size-gfx=262144"
Player connection [7924] Host "[IP] 192.168.219.102 [Port] 0 [Flags] 2 [Guid] 2809691030 [EditorId] 2809691030 [Version] 1048832 [Id] WindowsEditor(7,DESKTOP-382ULNV) [Debug] 1 [PackageName] WindowsEditor [ProjectName] Editor" joined multi-casting on [225.0.0.222:54997]...

Player connection [7924] Host "[IP] 192.168.219.102 [Port] 0 [Flags] 2 [Guid] 2809691030 [EditorId] 2809691030 [Version] 1048832 [Id] WindowsEditor(7,DESKTOP-382ULNV) [Debug] 1 [PackageName] WindowsEditor [ProjectName] Editor" joined alternative multi-casting on [225.0.0.222:34997]...

[Physics::Module] Initialized MultithreadedJobDispatcher with 11 workers.
Refreshing native plugins compatible for Editor in 25.08 ms, found 12 plugins.
Preloading 2 native plugins for Editor in 2.49 ms.
Initialize engine version: 2022.3.12f1 (4fe6e059c7ef)
[Subsystems] Discovering subsystems at path C:/Program Files/Unity/Hub/Editor/2022.3.12f1/Editor/Data/Resources/UnitySubsystems
[Subsystems] Discovering subsystems at path C:/GitHub_JorJack/VR/Assets
GfxDevice: creating device client; threaded=0; jobified=0
Direct3D:
    Version:  Direct3D 11.0 [level 11.1]
    Renderer: NVIDIA GeForce RTX 3070 Ti (ID=0x2482)
    Vendor:   NVIDIA
    VRAM:     8018 MB
    Driver:   32.0.15.7216
Shader 'Oculus/OVRMRCameraFrameLit': fallback shader 'Alpha-Diffuse' not found
Initialize mono
Mono path[0] = 'C:/Program Files/Unity/Hub/Editor/2022.3.12f1/Editor/Data/Managed'
Mono path[1] = 'C:/Program Files/Unity/Hub/Editor/2022.3.12f1/Editor/Data/MonoBleedingEdge/lib/mono/unityjit-win32'
Mono config path = 'C:/Program Files/Unity/Hub/Editor/2022.3.12f1/Editor/Data/MonoBleedingEdge/etc'
Using monoOptions --debugger-agent=transport=dt_socket,embedding=1,server=y,suspend=n,address=127.0.0.1:56240
Begin MonoManager ReloadAssembly
Registering precompiled unity dll's ...
Register platform support module: C:/Program Files/Unity/Hub/Editor/2022.3.12f1/Editor/Data/PlaybackEngines/AndroidPlayer/UnityEditor.Android.Extensions.dll
Register platform support module: C:/Program Files/Unity/Hub/Editor/2022.3.12f1/Editor/Data/PlaybackEngines/WindowsStandaloneSupport/UnityEditor.WindowsStandalone.Extensions.dll
Registered in 0.005756 seconds.
- Loaded All Assemblies, in  0.294 seconds
Native extension for WindowsStandalone target not found
Native extension for Android target not found
Android Extension - Scanning For ADB Devices 193 ms
Mono: successfully reloaded assembly
- Finished resetting the current domain, in  0.463 seconds
Domain Reload Profiling: 757ms
	BeginReloadAssembly (87ms)
		ExecutionOrderSort (0ms)
		DisableScriptedObjects (0ms)
		BackupInstance (0ms)
		ReleaseScriptingObjects (0ms)
		CreateAndSetChildDomain (1ms)
	RebuildCommonClasses (27ms)
	RebuildNativeTypeToScriptingClass (9ms)
	initialDomainReloadingComplete (48ms)
	LoadAllAssembliesAndSetupDomain (123ms)
		LoadAssemblies (86ms)
		RebuildTransferFunctionScriptingTraits (0ms)
		AnalyzeDomain (121ms)
			TypeCache.Refresh (120ms)
				TypeCache.ScanAssembly (109ms)
			ScanForSourceGeneratedMonoScriptInfo (0ms)
			ResolveRequiredComponents (0ms)
	FinalizeReload (464ms)
		ReleaseScriptCaches (0ms)
		RebuildScriptCaches (0ms)
		SetupLoadedEditorAssemblies (414ms)
			LogAssemblyErrors (0ms)
			InitializePlatformSupportModulesInManaged (296ms)
			SetLoadedEditorAssemblies (3ms)
			RefreshPlugins (0ms)
			BeforeProcessingInitializeOnLoad (2ms)
			ProcessInitializeOnLoadAttributes (75ms)
			ProcessInitializeOnLoadMethodAttributes (38ms)
			AfterProcessingInitializeOnLoad (0ms)
			EditorAssembliesLoaded (0ms)
		ExecutionOrderSort2 (0ms)
		AwakeInstancesAfterBackupRestoration (0ms)
========================================================================
Worker process is ready to serve import requests
Begin MonoManager ReloadAssembly
Assembly 'Assets/we/02.Map/Tutorial_map/DB/ExternalDependencyManager/Editor/1.2.183/Google.IOSResolver.dll' will not be loaded due to errors:
Unable to resolve reference 'UnityEditor.iOS.Extensions.Xcode'. Is the assembly missing or incompatible with the current platform?
Reference validation can be disabled in the Plugin Inspector.
Assembly 'Assets/we/02.Map/Tutorial_map/DB/Firebase/Editor/Firebase.Editor.dll' will not be loaded due to errors:
Unable to resolve reference 'UnityEditor.iOS.Extensions.Xcode'. Is the assembly missing or incompatible with the current platform?
Reference validation can be disabled in the Plugin Inspector.
- Loaded All Assemblies, in  0.764 seconds
Refreshing native plugins compatible for Editor in 11.00 ms, found 12 plugins.
Native extension for WindowsStandalone target not found
Native extension for Android target not found
Package Manager log level set to [2]
[Package Manager] Server::EnsureServerProcessIsRunning -- launch failed, reason: Unity was launched with the -noUpm command-line argument
[Package Manager] UpmClient::Send -- Unable to send message (not connected to UPM process).
[Package Manager] Cannot connect to Unity Package Manager local server
[Package Manager] Server::EnsureServerProcessIsRunning -- launch failed, reason: Unity was launched with the -noUpm command-line argument
[Package Manager] UpmClient::Send -- Unable to send message (not connected to UPM process).
[Package Manager] Cannot connect to Unity Package Manager local server
[XR] OculusXRPlugin: registering subsystems
[XR] Unable to register display lifecyle provider: [1]
[XR] Oculus Input lifecycle provider registered.
[XR] Unable to register input lifecyle provider: [1]
[XR] OVRP version 1.89.1
Mono: successfully reloaded assembly
[Package Manager] Server::EnsureServerProcessIsRunning -- launch failed, reason: Unity was launched with the -noUpm command-line argument
[Package Manager] UpmClient::Send -- Unable to send message (not connected to UPM process).
[Package Manager] Cannot connect to Unity Package Manager local server
[Package Manager] Server::EnsureServerProcessIsRunning -- launch failed, reason: Unity was launched with the -noUpm command-line argument
[Package Manager] UpmClient::Send -- Unable to send message (not connected to UPM process).
[Package Manager] Cannot connect to Unity Package Manager local server
- Finished resetting the current domain, in  0.894 seconds
Domain Reload Profiling: 1657ms
	BeginReloadAssembly (125ms)
		ExecutionOrderSort (0ms)
		DisableScriptedObjects (4ms)
		BackupInstance (0ms)
		ReleaseScriptingObjects (0ms)
		CreateAndSetChildDomain (20ms)
	RebuildCommonClasses (28ms)
	RebuildNativeTypeToScriptingClass (8ms)
	initialDomainReloadingComplete (40ms)
	LoadAllAssembliesAndSetupDomain (561ms)
		LoadAssemblies (344ms)
		RebuildTransferFunctionScriptingTraits (0ms)
		AnalyzeDomain (289ms)
			TypeCache.Refresh (225ms)
				TypeCache.ScanAssembly (205ms)
			ScanForSourceGeneratedMonoScriptInfo (42ms)
			ResolveRequiredComponents (21ms)
	FinalizeReload (895ms)
		ReleaseScriptCaches (0ms)
		RebuildScriptCaches (0ms)
		SetupLoadedEditorAssemblies (674ms)
			LogAssemblyErrors (0ms)
			InitializePlatformSupportModulesInManaged (21ms)
			SetLoadedEditorAssemblies (6ms)
			RefreshPlugins (0ms)
			BeforeProcessingInitializeOnLoad (116ms)
			ProcessInitializeOnLoadAttributes (452ms)
			ProcessInitializeOnLoadMethodAttributes (75ms)
			AfterProcessingInitializeOnLoad (4ms)
			EditorAssembliesLoaded (0ms)
		ExecutionOrderSort2 (0ms)
		AwakeInstancesAfterBackupRestoration (6ms)
Shader 'Oculus/OVRMRCameraFrameLit': fallback shader 'Alpha-Diffuse' not found
Launched and connected shader compiler UnityShaderCompiler.exe after 0.04 seconds
Refreshing native plugins compatible for Editor in 44.76 ms, found 12 plugins.
Preloading 2 native plugins for Editor in 0.15 ms.
Unloading 9178 Unused Serialized files (Serialized files now loaded: 0)
Unloading 159 unused Assets / (2.6 MB). Loaded Objects now: 9598.
Memory consumption went from 359.2 MB to 356.5 MB.
Total: 127.682300 ms (FindLiveObjects: 67.279900 ms CreateObjectMapping: 3.879100 ms MarkObjects: 51.710200 ms  DeleteObjects: 4.811100 ms)

AssetImportParameters requested are different than current active one (requested -> active):
  custom:container-demuxer-ogg: 62fdf1f143b41e24485cea50d1cbac27 -> 
  custom:framework-win-MediaFoundation: 216162199b28c13a410421893ffa2e32 -> 
  custom:container-muxer-webm: aa71ff27fc2769a1b78a27578f13a17b -> 
  custom:video-decoder-webm-vp8: 9c59270c3fd7afecdb556c50c9e8de78 -> 
  custom:SearchIndexIgnoredProperties: e643bd26f0fe6173181afceb89e7c659 -> 
  custom:AudioImporter_EditorPlatform: d09bf68614088b80899f8185d706f6e7 -> 
  custom:audio-decoder-ogg-vorbis: bf7c407c2cedff20999df2af8eb42d56 -> 
  custom:audio-encoder-webm-vorbis: bf7c407c2cedff20999df2af8eb42d56 -> 
  custom:video-codec-MediaFoundation-h265: 746d11721c4dcdbdad8f713fa42b33f4 -> 
  custom:video-decoder-ogg-theora: a1e56fd34408186e4bbccfd4996cb3dc -> 
  custom:CustomObjectIndexerAttribute: a3ef5dd2817f97addfee359851a9dba5 -> 
  custom:container-demuxer-webm: 4f35f7cbe854078d1ac9338744f61a02 -> 
  custom:video-encoder-webm-vp8: eb34c28f22e8b96e1ab97ce403110664 -> 
========================================================================
Received Import Request.
  Time since last request: 1670.209202 seconds.
  path: Assets/we/04.Models/FireWoods
  artifactKey: Guid(a05a2dc2bf886fb4fbb0826f32506c83) Importer(815301076,1909f56bfc062723c751e8b465ee728b)
Start importing Assets/we/04.Models/FireWoods using Guid(a05a2dc2bf886fb4fbb0826f32506c83) Importer(815301076,1909f56bfc062723c751e8b465ee728b)  -> (artifact id: '00be5c307f1bea3d254b029bcf196cf3') in 0.001758 seconds
Number of updated asset objects reloaded before import = 0
Number of asset objects unloaded after import = 0
========================================================================
Received Import Request.
  Time since last request: 7.123340 seconds.
  path: Assets/we/04.Models/FireWoods/FireWoodDummy/meshes/FireWood.fbx
  artifactKey: Guid(e5253d67af4541c4397a014060b5c53e) Importer(815301076,1909f56bfc062723c751e8b465ee728b)
Start importing Assets/we/04.Models/FireWoods/FireWoodDummy/meshes/FireWood.fbx using Guid(e5253d67af4541c4397a014060b5c53e) Importer(815301076,1909f56bfc062723c751e8b465ee728b)  -> (artifact id: '7a38acb429176657d887ca94a244c555') in 0.271257 seconds
Number of updated asset objects reloaded before import = 0
Number of asset objects unloaded after import = 9
========================================================================
Received Import Request.
  Time since last request: 3.362640 seconds.
  path: Assets/we/04.Models/FireWoods/FireWoodDummy/Prefab
  artifactKey: Guid(484db16efb976f8438f3ea98ea117b61) Importer(815301076,1909f56bfc062723c751e8b465ee728b)
Start importing Assets/we/04.Models/FireWoods/FireWoodDummy/Prefab using Guid(484db16efb976f8438f3ea98ea117b61) Importer(815301076,1909f56bfc062723c751e8b465ee728b)  -> (artifact id: 'b055f6f0d10bafa11ce3ce253a325eae') in 0.000621 seconds
Number of updated asset objects reloaded before import = 0
Number of asset objects unloaded after import = 0
========================================================================
Received Import Request.
  Time since last request: 1.315825 seconds.
  path: Assets/we/04.Models/FireWoods/FireWoodDummy/Prefab/FireWoods.prefab
  artifactKey: Guid(7bcb58554a8c3844daff1cb4024489dc) Importer(815301076,1909f56bfc062723c751e8b465ee728b)
Start importing Assets/we/04.Models/FireWoods/FireWoodDummy/Prefab/FireWoods.prefab using Guid(7bcb58554a8c3844daff1cb4024489dc) Importer(815301076,1909f56bfc062723c751e8b465ee728b)  -> (artifact id: 'ada324bc36241d126d19c87a03f0e961') in 0.376186 seconds
Number of updated asset objects reloaded before import = 0
Number of asset objects unloaded after import = 14
========================================================================
Received Import Request.
  Time since last request: 51.087477 seconds.
  path: Assets/Oculus/SampleFramework/Usage/Locomotion/Models/BridgePlatform01.fbx
  artifactKey: Guid(45fe47bcb515e419e8d449523fac0782) Importer(815301076,1909f56bfc062723c751e8b465ee728b)
Start importing Assets/Oculus/SampleFramework/Usage/Locomotion/Models/BridgePlatform01.fbx using Guid(45fe47bcb515e419e8d449523fac0782) Importer(815301076,1909f56bfc062723c751e8b465ee728b)  -> (artifact id: '863d49ca6a870b511c7ab28fade0ce52') in 0.066656 seconds
Number of updated asset objects reloaded before import = 0
Number of asset objects unloaded after import = 10
========================================================================
Received Import Request.
  Time since last request: 0.000026 seconds.
  path: Assets/Oculus/Interaction/Samples/Prefabs/Body/Capturer.prefab
  artifactKey: Guid(e20b02c0f391cb6469a5b29a3e67dd38) Importer(815301076,1909f56bfc062723c751e8b465ee728b)
Start importing Assets/Oculus/Interaction/Samples/Prefabs/Body/Capturer.prefab using Guid(e20b02c0f391cb6469a5b29a3e67dd38) Importer(815301076,1909f56bfc062723c751e8b465ee728b)  -> (artifact id: 'f2ec496186338884bebfc8d3067da8d9') in 0.399257 seconds
Number of updated asset objects reloaded before import = 0
Number of asset objects unloaded after import = 745
========================================================================
Received Import Request.
  Time since last request: 0.000041 seconds.
  path: Assets/we/04.Models/FireWoods/FireWood/WoodLogs/Models/Cinematic/SM_AFS_Log27_Cinematic.FBX
  artifactKey: Guid(db9a742fc44cde240be6a6b29aa9e71b) Importer(815301076,1909f56bfc062723c751e8b465ee728b)
Start importing Assets/we/04.Models/FireWoods/FireWood/WoodLogs/Models/Cinematic/SM_AFS_Log27_Cinematic.FBX using Guid(db9a742fc44cde240be6a6b29aa9e71b) Importer(815301076,1909f56bfc062723c751e8b465ee728b)  -> (artifact id: 'b41c017e070f34d5d586975c5af248b9') in 0.018428 seconds
Number of updated asset objects reloaded before import = 0
Number of asset objects unloaded after import = 8
========================================================================
Received Import Request.
  Time since last request: 0.000034 seconds.
  path: Assets/we/04.Models/FireWoods/FireWood/WoodLogs/Models/Cinematic/SM_AFS_Log25_Cinematic.FBX
  artifactKey: Guid(f0b9a7436039d754daa421ab4c74c9c0) Importer(815301076,1909f56bfc062723c751e8b465ee728b)
Start importing Assets/we/04.Models/FireWoods/FireWood/WoodLogs/Models/Cinematic/SM_AFS_Log25_Cinematic.FBX using Guid(f0b9a7436039d754daa421ab4c74c9c0) Importer(815301076,1909f56bfc062723c751e8b465ee728b)  -> (artifact id: 'a05db77df7e32e688e548e6700c1a6f1') in 0.021577 seconds
Number of updated asset objects reloaded before import = 0
Number of asset objects unloaded after import = 8
========================================================================
Received Import Request.
  Time since last request: 0.000029 seconds.
  path: Assets/we/04.Models/FireWoods/FireWood/WoodLogs/Prefabs/Cinematic/SM_AFS_Log24_Cinematic.prefab
  artifactKey: Guid(7e943b2d4c240694bb868342bf939f42) Importer(815301076,1909f56bfc062723c751e8b465ee728b)
Start importing Assets/we/04.Models/FireWoods/FireWood/WoodLogs/Prefabs/Cinematic/SM_AFS_Log24_Cinematic.prefab using Guid(7e943b2d4c240694bb868342bf939f42) Importer(815301076,1909f56bfc062723c751e8b465ee728b)  -> (artifact id: 'bcc8ecfa73bc61332d629136f94c336f') in 0.302455 seconds
Number of updated asset objects reloaded before import = 0
Number of asset objects unloaded after import = 11
========================================================================
Received Import Request.
  Time since last request: 0.000036 seconds.
  path: Assets/we/04.Models/FireWoods/FireWood/WoodLogs/Prefabs/Mobile/SM_AFS_Log27_Mobile.prefab
  artifactKey: Guid(e9874ec7b78e235419f7b20836526cc8) Importer(815301076,1909f56bfc062723c751e8b465ee728b)
Start importing Assets/we/04.Models/FireWoods/FireWood/WoodLogs/Prefabs/Mobile/SM_AFS_Log27_Mobile.prefab using Guid(e9874ec7b78e235419f7b20836526cc8) Importer(815301076,1909f56bfc062723c751e8b465ee728b)  -> (artifact id: 'd65e71905972fd8468c5cb6fabf7ba2d') in 0.020598 seconds
Number of updated asset objects reloaded before import = 0
Number of asset objects unloaded after import = 11
========================================================================
Received Import Request.
  Time since last request: 0.000029 seconds.
  path: Assets/Oculus/SampleFramework/Core/DebugUI/Prefabs/CanvasWithDebug.prefab
  artifactKey: Guid(ddb963bcde7d8a04a88b3ee4709f46c7) Importer(815301076,1909f56bfc062723c751e8b465ee728b)
Start importing Assets/Oculus/SampleFramework/Core/DebugUI/Prefabs/CanvasWithDebug.prefab using Guid(ddb963bcde7d8a04a88b3ee4709f46c7) Importer(815301076,1909f56bfc062723c751e8b465ee728b)  -> (artifact id: '1cae1a0747e901f07b3f703d0d8a721a') in 0.162573 seconds
Number of updated asset objects reloaded before import = 0
Number of asset objects unloaded after import = 143
========================================================================
Received Import Request.
  Time since last request: 0.000022 seconds.
  path: Assets/we/04.Models/FireWoods/FireWood/WoodLogs/Prefabs/Mobile/SM_AFS_Log25_Mobile.prefab
  artifactKey: Guid(308cff7edec52cc4ab08c3827866e76c) Importer(815301076,1909f56bfc062723c751e8b465ee728b)
Start importing Assets/we/04.Models/FireWoods/FireWood/WoodLogs/Prefabs/Mobile/SM_AFS_Log25_Mobile.prefab using Guid(308cff7edec52cc4ab08c3827866e76c) Importer(815301076,1909f56bfc062723c751e8b465ee728b)  -> (artifact id: 'a2a98dcae20a3fe975524c1d94d145a4') in 0.021159 seconds
Number of updated asset objects reloaded before import = 0
Number of asset objects unloaded after import = 11
========================================================================
Received Import Request.
  Time since last request: 0.000024 seconds.
  path: Assets/we/04.Models/FireWoods/FireWood/WoodLogs/Prefabs/LowEndPC/SM_AFS_Log23_LowEndPC.prefab
  artifactKey: Guid(f5a4cc3c7e2ec404c83713f845b96169) Importer(815301076,1909f56bfc062723c751e8b465ee728b)
Start importing Assets/we/04.Models/FireWoods/FireWood/WoodLogs/Prefabs/LowEndPC/SM_AFS_Log23_LowEndPC.prefab using Guid(f5a4cc3c7e2ec404c83713f845b96169) Importer(815301076,1909f56bfc062723c751e8b465ee728b)  -> (artifact id: '074c94cbaa414d87fb22fc7d0b57d866') in 0.025510 seconds
Number of updated asset objects reloaded before import = 0
Number of asset objects unloaded after import = 11
========================================================================
Received Import Request.
  Time since last request: 0.000028 seconds.
  path: Assets/we/04.Models/FireWoods/FireWood/WoodLogs/Models/VR/SM_AFS_Log29_VR.fbx
  artifactKey: Guid(7e25cc9e5336aa8418f84ae2289365a8) Importer(815301076,1909f56bfc062723c751e8b465ee728b)
Start importing Assets/we/04.Models/FireWoods/FireWood/WoodLogs/Models/VR/SM_AFS_Log29_VR.fbx using Guid(7e25cc9e5336aa8418f84ae2289365a8) Importer(815301076,1909f56bfc062723c751e8b465ee728b)  -> (artifact id: '9fd1146fbde68081aaa4342fb197b4ff') in 0.018027 seconds
Number of updated asset objects reloaded before import = 0
Number of asset objects unloaded after import = 8
========================================================================
Received Import Request.
  Time since last request: 0.000025 seconds.
  path: Assets/we/04.Models/FireWoods/FireWood/WoodLogs/Prefabs/Cinematic/SM_AFS_Log27_Cinematic.prefab
  artifactKey: Guid(ee7fbe5542da67e42ab68b130a9311d1) Importer(815301076,1909f56bfc062723c751e8b465ee728b)
Start importing Assets/we/04.Models/FireWoods/FireWood/WoodLogs/Prefabs/Cinematic/SM_AFS_Log27_Cinematic.prefab using Guid(ee7fbe5542da67e42ab68b130a9311d1) Importer(815301076,1909f56bfc062723c751e8b465ee728b)  -> (artifact id: '155761361fd2f6c438546453704e0ce5') in 0.025721 seconds
Number of updated asset objects reloaded before import = 0
Number of asset objects unloaded after import = 11
========================================================================
Received Import Request.
  Time since last request: 0.000027 seconds.
  path: Assets/we/04.Models/FireWoods/FireWood/WoodLogs/Prefabs/VR/SM_AFS_Log23_VR.prefab
  artifactKey: Guid(3fd74e1e617e71543ae5a56010477360) Importer(815301076,1909f56bfc062723c751e8b465ee728b)
Start importing Assets/we/04.Models/FireWoods/FireWood/WoodLogs/Prefabs/VR/SM_AFS_Log23_VR.prefab using Guid(3fd74e1e617e71543ae5a56010477360) Importer(815301076,1909f56bfc062723c751e8b465ee728b)  -> (artifact id: '12095560f34477bbf3edc9e70ffeb8bb') in 0.023767 seconds
Number of updated asset objects reloaded before import = 0
Number of asset objects unloaded after import = 11
========================================================================
Received Import Request.
  Time since last request: 0.000029 seconds.
  path: Assets/we/04.Models/FireWoods/FireWood/WoodLogs/Prefabs/VR/SM_AFS_Log24_VR.prefab
  artifactKey: Guid(25b6c3eb1bbd71644936c6a5b75fbbae) Importer(815301076,1909f56bfc062723c751e8b465ee728b)
Start importing Assets/we/04.Models/FireWoods/FireWood/WoodLogs/Prefabs/VR/SM_AFS_Log24_VR.prefab using Guid(25b6c3eb1bbd71644936c6a5b75fbbae) Importer(815301076,1909f56bfc062723c751e8b465ee728b)  -> (artifact id: '2e2e63366472d684614b32c29974a3da') in 0.024689 seconds
Number of updated asset objects reloaded before import = 0
Number of asset objects unloaded after import = 11
========================================================================
Received Import Request.
  Time since last request: 0.000033 seconds.
  path: Assets/we/04.Models/FireWoods/FireWood/WoodLogs/Prefabs/Cinematic/SM_AFS_Log25_Cinematic.prefab
  artifactKey: Guid(59eb96df6939b174f8b34bdc4d1d3ddb) Importer(815301076,1909f56bfc062723c751e8b465ee728b)
Start importing Assets/we/04.Models/FireWoods/FireWood/WoodLogs/Prefabs/Cinematic/SM_AFS_Log25_Cinematic.prefab using Guid(59eb96df6939b174f8b34bdc4d1d3ddb) Importer(815301076,1909f56bfc062723c751e8b465ee728b)  -> (artifact id: '443c320a4260aa50bca287617b8ff68c') in 0.024953 seconds
Number of updated asset objects reloaded before import = 0
Number of asset objects unloaded after import = 11
========================================================================
Received Import Request.
  Time since last request: 0.000032 seconds.
  path: Assets/we/04.Models/FireWoods/FireWood/WoodLogs/Prefabs/Cinematic/SM_AFS_Log26_Cinematic.prefab
  artifactKey: Guid(8c2f049632d14f442936a1a251e3517e) Importer(815301076,1909f56bfc062723c751e8b465ee728b)
Start importing Assets/we/04.Models/FireWoods/FireWood/WoodLogs/Prefabs/Cinematic/SM_AFS_Log26_Cinematic.prefab using Guid(8c2f049632d14f442936a1a251e3517e) Importer(815301076,1909f56bfc062723c751e8b465ee728b)  -> (artifact id: '03d8328e84090538dab2c7e837196aac') in 0.024568 seconds
Number of updated asset objects reloaded before import = 0
Number of asset objects unloaded after import = 11
========================================================================
Received Import Request.
  Time since last request: 0.000025 seconds.
  path: Assets/we/04.Models/FireWoods/FireWood/WoodLogs/Models/HighEndPC/SM_AFS_Log25_HighEndPC.fbx
  artifactKey: Guid(6730242832a535d4493da2e0ff2438ae) Importer(815301076,1909f56bfc062723c751e8b465ee728b)
Start importing Assets/we/04.Models/FireWoods/FireWood/WoodLogs/Models/HighEndPC/SM_AFS_Log25_HighEndPC.fbx using Guid(6730242832a535d4493da2e0ff2438ae) Importer(815301076,1909f56bfc062723c751e8b465ee728b)  -> (artifact id: '06b1454aabbf66699a35c11dbcb576db') in 0.020490 seconds
Number of updated asset objects reloaded before import = 0
Number of asset objects unloaded after import = 8
========================================================================
Received Import Request.
  Time since last request: 0.000042 seconds.
  path: Assets/we/04.Models/FireWoods/FireWood/WoodLogs/Models/LowEndPC/SM_AFS_Log24_LowEndPC.fbx
  artifactKey: Guid(e7cb5b9be89d8014583b85f5025a640a) Importer(815301076,1909f56bfc062723c751e8b465ee728b)
Start importing Assets/we/04.Models/FireWoods/FireWood/WoodLogs/Models/LowEndPC/SM_AFS_Log24_LowEndPC.fbx using Guid(e7cb5b9be89d8014583b85f5025a640a) Importer(815301076,1909f56bfc062723c751e8b465ee728b)  -> (artifact id: '1452e1603f4034de6f09e62daa8a0073') in 0.021170 seconds
Number of updated asset objects reloaded before import = 0
Number of asset objects unloaded after import = 8
========================================================================
Received Import Request.
  Time since last request: 0.000034 seconds.
  path: Assets/Oculus/SampleFramework/Usage/SceneManager/Prefabs/FurniturePrefabs/CeilingPrefab.prefab
  artifactKey: Guid(d6d69a15991d35a4ba8e947530abeeab) Importer(815301076,1909f56bfc062723c751e8b465ee728b)
Start importing Assets/Oculus/SampleFramework/Usage/SceneManager/Prefabs/FurniturePrefabs/CeilingPrefab.prefab using Guid(d6d69a15991d35a4ba8e947530abeeab) Importer(815301076,1909f56bfc062723c751e8b465ee728b)  -> (artifact id: '07a80128f6fc53b717cfc72b89255e6a') in 0.026747 seconds
Number of updated asset objects reloaded before import = 0
Number of asset objects unloaded after import = 12
========================================================================
Received Import Request.
  Time since last request: 0.000029 seconds.
  path: Assets/we/04.Models/FireWoods/FireWood/WoodLogs/Prefabs/VR/SM_AFS_Log29_VR.prefab
  artifactKey: Guid(6a8539600600dfd49a16d8d2f9d4da78) Importer(815301076,1909f56bfc062723c751e8b465ee728b)
Start importing Assets/we/04.Models/FireWoods/FireWood/WoodLogs/Prefabs/VR/SM_AFS_Log29_VR.prefab using Guid(6a8539600600dfd49a16d8d2f9d4da78) Importer(815301076,1909f56bfc062723c751e8b465ee728b)  -> (artifact id: '2d216a124057156a9536bc7122b5e3de') in 0.028196 seconds
Number of updated asset objects reloaded before import = 0
Number of asset objects unloaded after import = 11
========================================================================
Received Import Request.
  Time since last request: 0.000024 seconds.
  path: Assets/we/04.Models/FireWoods/FireWood/WoodLogs/Models/Mobile/SM_AFS_Log27_Mobile.fbx
  artifactKey: Guid(36fcde1e410448a43a72ce2aabed825b) Importer(815301076,1909f56bfc062723c751e8b465ee728b)
Start importing Assets/we/04.Models/FireWoods/FireWood/WoodLogs/Models/Mobile/SM_AFS_Log27_Mobile.fbx using Guid(36fcde1e410448a43a72ce2aabed825b) Importer(815301076,1909f56bfc062723c751e8b465ee728b)  -> (artifact id: 'd000bffb3d4a3933b8822c7164a2c6aa') in 0.021729 seconds
Number of updated asset objects reloaded before import = 0
Number of asset objects unloaded after import = 8
========================================================================
Received Import Request.
  Time since last request: 0.000026 seconds.
  path: Assets/we/04.Models/FireWoods/FireWood/WoodLogs/Models/Mobile/SM_AFS_Log26_Mobile.fbx
  artifactKey: Guid(c3be8969273238a449851a30d4b490bb) Importer(815301076,1909f56bfc062723c751e8b465ee728b)
Start importing Assets/we/04.Models/FireWoods/FireWood/WoodLogs/Models/Mobile/SM_AFS_Log26_Mobile.fbx using Guid(c3be8969273238a449851a30d4b490bb) Importer(815301076,1909f56bfc062723c751e8b465ee728b)  -> (artifact id: '8715964376e5aec96b6da840168173ed') in 0.019995 seconds
Number of updated asset objects reloaded before import = 0
Number of asset objects unloaded after import = 8
========================================================================
Received Import Request.
  Time since last request: 0.000026 seconds.
  path: Assets/we/04.Models/FireWoods/FireWood/WoodLogs/Prefabs/HighEndPC/SM_AFS_Log23_HighEndPC.prefab
  artifactKey: Guid(6484bf2a5cfcd3644b4437c1a5ae91ff) Importer(815301076,1909f56bfc062723c751e8b465ee728b)
Start importing Assets/we/04.Models/FireWoods/FireWood/WoodLogs/Prefabs/HighEndPC/SM_AFS_Log23_HighEndPC.prefab using Guid(6484bf2a5cfcd3644b4437c1a5ae91ff) Importer(815301076,1909f56bfc062723c751e8b465ee728b)  -> (artifact id: '1a70d46b48268b19cabb8362230c2e40') in 0.027198 seconds
Number of updated asset objects reloaded before import = 0
Number of asset objects unloaded after import = 11
========================================================================
Received Import Request.
  Time since last request: 0.000024 seconds.
  path: Assets/we/04.Models/FireWoods/FireWood/WoodLogs/Prefabs/HighEndPC/SM_AFS_Log26_HighEndPC.prefab
  artifactKey: Guid(592f1d4f12e3917438a526b4da93ae48) Importer(815301076,1909f56bfc062723c751e8b465ee728b)
Start importing Assets/we/04.Models/FireWoods/FireWood/WoodLogs/Prefabs/HighEndPC/SM_AFS_Log26_HighEndPC.prefab using Guid(592f1d4f12e3917438a526b4da93ae48) Importer(815301076,1909f56bfc062723c751e8b465ee728b)  -> (artifact id: '50ee119cb192c517c52fdb85d47fe07a') in 0.026440 seconds
Number of updated asset objects reloaded before import = 0
Number of asset objects unloaded after import = 11
========================================================================
Received Import Request.
  Time since last request: 0.000030 seconds.
  path: Assets/we/04.Models/FireWoods/FireWood/WoodLogs/Models/VR/SM_AFS_Log27_VR.fbx
  artifactKey: Guid(b8d5215ac0639bb449cb29f036c0f2ff) Importer(815301076,1909f56bfc062723c751e8b465ee728b)
Start importing Assets/we/04.Models/FireWoods/FireWood/WoodLogs/Models/VR/SM_AFS_Log27_VR.fbx using Guid(b8d5215ac0639bb449cb29f036c0f2ff) Importer(815301076,1909f56bfc062723c751e8b465ee728b)  -> (artifact id: 'ee8c4eec7900217237b78f2e08c20152') in 0.019844 seconds
Number of updated asset objects reloaded before import = 0
Number of asset objects unloaded after import = 8
========================================================================
Received Import Request.
  Time since last request: 0.000023 seconds.
  path: Assets/Oculus/SampleFramework/Usage/SceneManager/Prefabs/FurniturePrefabs/CeilingPlanePrefab.prefab
  artifactKey: Guid(c1527fd3e2d81e545960b83da8d51621) Importer(815301076,1909f56bfc062723c751e8b465ee728b)
Start importing Assets/Oculus/SampleFramework/Usage/SceneManager/Prefabs/FurniturePrefabs/CeilingPlanePrefab.prefab using Guid(c1527fd3e2d81e545960b83da8d51621) Importer(815301076,1909f56bfc062723c751e8b465ee728b)  -> (artifact id: 'dca5cc58c6d7e2ec8329ac5de1f95b0b') in 0.015151 seconds
Number of updated asset objects reloaded before import = 0
Number of asset objects unloaded after import = 12
========================================================================
Received Import Request.
  Time since last request: 0.000025 seconds.
  path: Assets/we/04.Models/FireWoods/FireWood/WoodLogs/Models/LowEndPC/SM_AFS_Log26_LowEndPC.fbx
  artifactKey: Guid(3ed1d97bf96db2b448c675a7f5881a74) Importer(815301076,1909f56bfc062723c751e8b465ee728b)
Start importing Assets/we/04.Models/FireWoods/FireWood/WoodLogs/Models/LowEndPC/SM_AFS_Log26_LowEndPC.fbx using Guid(3ed1d97bf96db2b448c675a7f5881a74) Importer(815301076,1909f56bfc062723c751e8b465ee728b)  -> (artifact id: 'acc10254aa0c48d60ac2085578e4147b') in 0.020580 seconds
Number of updated asset objects reloaded before import = 0
Number of asset objects unloaded after import = 8
========================================================================
Received Import Request.
  Time since last request: 0.000026 seconds.
  path: Assets/we/04.Models/FireWoods/FireWood/WoodLogs/Prefabs/Mobile/SM_AFS_Log26_Mobile.prefab
  artifactKey: Guid(c0530d154cd15cf4b8f8c7b470749665) Importer(815301076,1909f56bfc062723c751e8b465ee728b)
Start importing Assets/we/04.Models/FireWoods/FireWood/WoodLogs/Prefabs/Mobile/SM_AFS_Log26_Mobile.prefab using Guid(c0530d154cd15cf4b8f8c7b470749665) Importer(815301076,1909f56bfc062723c751e8b465ee728b)  -> (artifact id: 'e34ff88bd7900489f027977111fa770a') in 0.021631 seconds
Number of updated asset objects reloaded before import = 0
Number of asset objects unloaded after import = 11
========================================================================
Received Import Request.
  Time since last request: 0.000049 seconds.
  path: Assets/we/04.Models/FireWoods/FireWood/WoodLogs/Prefabs/LowEndPC/SM_AFS_Log27_LowEndPC.prefab
  artifactKey: Guid(fd124ceeb9295fd4fa3f264b8640feea) Importer(815301076,1909f56bfc062723c751e8b465ee728b)
Start importing Assets/we/04.Models/FireWoods/FireWood/WoodLogs/Prefabs/LowEndPC/SM_AFS_Log27_LowEndPC.prefab using Guid(fd124ceeb9295fd4fa3f264b8640feea) Importer(815301076,1909f56bfc062723c751e8b465ee728b)  -> (artifact id: '28bcc01c70286abd5eb686f23752f3b3') in 0.023580 seconds
Number of updated asset objects reloaded before import = 0
Number of asset objects unloaded after import = 11
========================================================================
Received Import Request.
  Time since last request: 0.000028 seconds.
  path: Assets/we/04.Models/FireWoods/FireWood/WoodLogs/Models/VR/SM_AFS_Log25_VR.fbx
  artifactKey: Guid(452b3a733f2698743b5763d5cbb61db2) Importer(815301076,1909f56bfc062723c751e8b465ee728b)
Start importing Assets/we/04.Models/FireWoods/FireWood/WoodLogs/Models/VR/SM_AFS_Log25_VR.fbx using Guid(452b3a733f2698743b5763d5cbb61db2) Importer(815301076,1909f56bfc062723c751e8b465ee728b)  -> (artifact id: 'd967eae10eb3ba3129fcf8030880b0c3') in 0.019842 seconds
Number of updated asset objects reloaded before import = 0
Number of asset objects unloaded after import = 8
========================================================================
Received Import Request.
  Time since last request: 0.000023 seconds.
  path: Assets/we/04.Models/Chair/camp_chair_1.fbx
  artifactKey: Guid(f7bd9f15fc74b2e48a7bffacd7be0674) Importer(815301076,1909f56bfc062723c751e8b465ee728b)
Start importing Assets/we/04.Models/Chair/camp_chair_1.fbx using Guid(f7bd9f15fc74b2e48a7bffacd7be0674) Importer(815301076,1909f56bfc062723c751e8b465ee728b)  -> (artifact id: '10e5c16be25065de51b59be9190d5d8f') in 0.073204 seconds
Number of updated asset objects reloaded before import = 0
Number of asset objects unloaded after import = 45
========================================================================
Received Import Request.
  Time since last request: 0.000029 seconds.
  path: Assets/we/04.Models/FireWoods/FireWood/WoodLogs/Prefabs/HighEndPC/SM_AFS_Log27_HighEndPC.prefab
  artifactKey: Guid(f747f3ecd58e3c940a819f59bc75a49b) Importer(815301076,1909f56bfc062723c751e8b465ee728b)
Start importing Assets/we/04.Models/FireWoods/FireWood/WoodLogs/Prefabs/HighEndPC/SM_AFS_Log27_HighEndPC.prefab using Guid(f747f3ecd58e3c940a819f59bc75a49b) Importer(815301076,1909f56bfc062723c751e8b465ee728b)  -> (artifact id: '4fc192c0821add209aa08a706c8b8156') in 0.021736 seconds
Number of updated asset objects reloaded before import = 0
Number of asset objects unloaded after import = 11
========================================================================
Received Import Request.
  Time since last request: 0.000038 seconds.
  path: Assets/we/04.Models/FireWoods/FireWood/WoodLogs/Prefabs/HighEndPC/SM_AFS_Log25_HighEndPC.prefab
  artifactKey: Guid(b8dd233b9eb2ef3449dfef8d8a5c4d5e) Importer(815301076,1909f56bfc062723c751e8b465ee728b)
Start importing Assets/we/04.Models/FireWoods/FireWood/WoodLogs/Prefabs/HighEndPC/SM_AFS_Log25_HighEndPC.prefab using Guid(b8dd233b9eb2ef3449dfef8d8a5c4d5e) Importer(815301076,1909f56bfc062723c751e8b465ee728b)  -> (artifact id: 'fd935b2ea26b78a2a4997af6dfa8ab6b') in 0.025236 seconds
Number of updated asset objects reloaded before import = 0
Number of asset objects unloaded after import = 11
========================================================================
Received Import Request.
  Time since last request: 0.000030 seconds.
  path: Assets/we/04.Models/FireWoods/FireWood/WoodLogs/Models/LowEndPC/SM_AFS_Log25_LowEndPC.fbx
  artifactKey: Guid(e72de7334d63b0543938fdd8f56334ae) Importer(815301076,1909f56bfc062723c751e8b465ee728b)
Start importing Assets/we/04.Models/FireWoods/FireWood/WoodLogs/Models/LowEndPC/SM_AFS_Log25_LowEndPC.fbx using Guid(e72de7334d63b0543938fdd8f56334ae) Importer(815301076,1909f56bfc062723c751e8b465ee728b)  -> (artifact id: 'a200d3179eac77d78ab4837bf63da211') in 0.019055 seconds
Number of updated asset objects reloaded before import = 0
Number of asset objects unloaded after import = 8
========================================================================
Received Import Request.
  Time since last request: 0.000023 seconds.
  path: Assets/we/04.Models/FireWoods/FireWood/WoodLogs/Models/HighEndPC/SM_AFS_Log27_HighEndPC.fbx
  artifactKey: Guid(ba78fca5f3692704aab6efac463aba33) Importer(815301076,1909f56bfc062723c751e8b465ee728b)
Start importing Assets/we/04.Models/FireWoods/FireWood/WoodLogs/Models/HighEndPC/SM_AFS_Log27_HighEndPC.fbx using Guid(ba78fca5f3692704aab6efac463aba33) Importer(815301076,1909f56bfc062723c751e8b465ee728b)  -> (artifact id: '5c897da04b9e191f3338d7ea382cc49b') in 0.020639 seconds
Number of updated asset objects reloaded before import = 0
Number of asset objects unloaded after import = 8
========================================================================
Received Import Request.
  Time since last request: 0.740810 seconds.
  path: Assets/Oculus/VR/Meshes/MetaQuestTouchPlus/MetaQuestTouchPlus_Left.fbx
  artifactKey: Guid(2b1aaafc31655024394d83dc00911c1c) Importer(815301076,1909f56bfc062723c751e8b465ee728b)
Start importing Assets/Oculus/VR/Meshes/MetaQuestTouchPlus/MetaQuestTouchPlus_Left.fbx using Guid(2b1aaafc31655024394d83dc00911c1c) Importer(815301076,1909f56bfc062723c751e8b465ee728b)  -> (artifact id: 'f74dcf7216c73c56a4720d391736d10d') in 0.222206 seconds
Number of updated asset objects reloaded before import = 0
Number of asset objects unloaded after import = 56
========================================================================
Received Import Request.
  Time since last request: 0.000036 seconds.
  path: Assets/Oculus/VR/Meshes/MetaQuestTouchPro/MetaQuestTouchPro_Left.fbx
  artifactKey: Guid(2b9768cc0be08784b91b7da60696ba29) Importer(815301076,1909f56bfc062723c751e8b465ee728b)
Start importing Assets/Oculus/VR/Meshes/MetaQuestTouchPro/MetaQuestTouchPro_Left.fbx using Guid(2b9768cc0be08784b91b7da60696ba29) Importer(815301076,1909f56bfc062723c751e8b465ee728b)  -> (artifact id: 'c50b01e55201b49b07d63c86de17a57f') in 0.156967 seconds
Number of updated asset objects reloaded before import = 0
Number of asset objects unloaded after import = 59
========================================================================
Received Import Request.
  Time since last request: 0.000036 seconds.
  path: Assets/Oculus/Interaction/Samples/Prefabs/OculusInteractionSamplePokeButton.prefab
  artifactKey: Guid(323cb65d2594c79499a11a99ff0fb347) Importer(815301076,1909f56bfc062723c751e8b465ee728b)
Start importing Assets/Oculus/Interaction/Samples/Prefabs/OculusInteractionSamplePokeButton.prefab using Guid(323cb65d2594c79499a11a99ff0fb347) Importer(815301076,1909f56bfc062723c751e8b465ee728b)  -> (artifact id: '98af6a7b8a247d456026baa50d7b223c') in 0.043748 seconds
Number of updated asset objects reloaded before import = 0
Number of asset objects unloaded after import = 61
========================================================================
Received Import Request.
  Time since last request: 0.000032 seconds.
  path: Assets/Oculus/SampleFramework/Usage/HandsTrainExample/Prefabs/NearFieldItems.prefab
  artifactKey: Guid(ba81d7ad914d196478713b77b78ab653) Importer(815301076,1909f56bfc062723c751e8b465ee728b)
Start importing Assets/Oculus/SampleFramework/Usage/HandsTrainExample/Prefabs/NearFieldItems.prefab using Guid(ba81d7ad914d196478713b77b78ab653) Importer(815301076,1909f56bfc062723c751e8b465ee728b)  -> (artifact id: '52bdde093aaf61f803eec22176bc0a77') in 0.140588 seconds
Number of updated asset objects reloaded before import = 0
Number of asset objects unloaded after import = 295
========================================================================
Received Import Request.
  Time since last request: 0.000023 seconds.
  path: Assets/Oculus/Interaction/Samples/Objects/Props/Mug/Models/mugMesh.fbx
  artifactKey: Guid(62430feba95140d4094909ab2ae769d2) Importer(815301076,1909f56bfc062723c751e8b465ee728b)
Start importing Assets/Oculus/Interaction/Samples/Objects/Props/Mug/Models/mugMesh.fbx using Guid(62430feba95140d4094909ab2ae769d2) Importer(815301076,1909f56bfc062723c751e8b465ee728b)  -> (artifact id: '6a7241698ea69958e1cc93cdbab52482') in 0.021416 seconds
Number of updated asset objects reloaded before import = 0
Number of asset objects unloaded after import = 8
========================================================================
Received Import Request.
  Time since last request: 0.000057 seconds.
  path: Assets/Oculus/SampleFramework/Usage/HandsTrainExample/Prefabs/NearFieldButton.prefab
  artifactKey: Guid(344324b5dcda5b64f9655478dd2088a9) Importer(815301076,1909f56bfc062723c751e8b465ee728b)
Start importing Assets/Oculus/SampleFramework/Usage/HandsTrainExample/Prefabs/NearFieldButton.prefab using Guid(344324b5dcda5b64f9655478dd2088a9) Importer(815301076,1909f56bfc062723c751e8b465ee728b)  -> (artifact id: '7544d78ea7a80e85c4737771ec5dee4b') in 0.083429 seconds
Number of updated asset objects reloaded before import = 0
Number of asset objects unloaded after import = 44
========================================================================
Received Import Request.
  Time since last request: 0.000029 seconds.
  path: Assets/Oculus/VR/Meshes/OculusTouchForQuest2/OculusTouchForQuest2_Right.fbx
  artifactKey: Guid(25b5eb0761edb6346b0b3444af76b55e) Importer(815301076,1909f56bfc062723c751e8b465ee728b)
Start importing Assets/Oculus/VR/Meshes/OculusTouchForQuest2/OculusTouchForQuest2_Right.fbx using Guid(25b5eb0761edb6346b0b3444af76b55e) Importer(815301076,1909f56bfc062723c751e8b465ee728b)  -> (artifact id: '601a42acfc1c36adbd61370fd0b9f2b1') in 0.044399 seconds
Number of updated asset objects reloaded before import = 0
Number of asset objects unloaded after import = 50
========================================================================
Received Import Request.
  Time since last request: 0.000024 seconds.
  path: Assets/Oculus/Interaction/Samples/Prefabs/OculusInteractionSamplesRayCanvas.prefab
  artifactKey: Guid(afb1615dd3b243a449003594175d971a) Importer(815301076,1909f56bfc062723c751e8b465ee728b)
Start importing Assets/Oculus/Interaction/Samples/Prefabs/OculusInteractionSamplesRayCanvas.prefab using Guid(afb1615dd3b243a449003594175d971a) Importer(815301076,1909f56bfc062723c751e8b465ee728b)  -> (artifact id: '53699934d40472db0444c91398b7baa8') in 0.062295 seconds
Number of updated asset objects reloaded before import = 0
Number of asset objects unloaded after import = 200
========================================================================
Received Import Request.
  Time since last request: 0.000036 seconds.
  path: Assets/Oculus/Interaction/Samples/Objects/Environment/MRDesk/Models/MRDeskShadow.fbx
  artifactKey: Guid(bb5c416ca94f7a34fbd14f26fa5a38e6) Importer(815301076,1909f56bfc062723c751e8b465ee728b)
Start importing Assets/Oculus/Interaction/Samples/Objects/Environment/MRDesk/Models/MRDeskShadow.fbx using Guid(bb5c416ca94f7a34fbd14f26fa5a38e6) Importer(815301076,1909f56bfc062723c751e8b465ee728b)  -> (artifact id: '6e9cf114bf30f4af689b32b99c175741') in 0.027608 seconds
Number of updated asset objects reloaded before import = 0
Number of asset objects unloaded after import = 9
========================================================================
Received Import Request.
  Time since last request: 0.000055 seconds.
  path: Assets/Oculus/Interaction/Samples/Prefabs/OVRIntegration/Legacy/OculusInteractionSampleRig.prefab
  artifactKey: Guid(f39a9d103c4129b42a53567f6cd8356a) Importer(815301076,1909f56bfc062723c751e8b465ee728b)
Start importing Assets/Oculus/Interaction/Samples/Prefabs/OVRIntegration/Legacy/OculusInteractionSampleRig.prefab using Guid(f39a9d103c4129b42a53567f6cd8356a) Importer(815301076,1909f56bfc062723c751e8b465ee728b)  -> (artifact id: '1d90a49bdc537215e86ce4c2606418a5') in 0.769966 seconds
Number of updated asset objects reloaded before import = 0
Number of asset objects unloaded after import = 2358
========================================================================
Received Import Request.
  Time since last request: 0.809648 seconds.
  path: Assets/we/04.Models/FireWoods/FireWood/WoodLogs/Prefabs/Cinematic/SM_AFS_Log01_Cinematic.prefab
  artifactKey: Guid(4a352acdb196c0c4490887e727437671) Importer(815301076,1909f56bfc062723c751e8b465ee728b)
Start importing Assets/we/04.Models/FireWoods/FireWood/WoodLogs/Prefabs/Cinematic/SM_AFS_Log01_Cinematic.prefab using Guid(4a352acdb196c0c4490887e727437671) Importer(815301076,1909f56bfc062723c751e8b465ee728b)  -> (artifact id: '706efe3457545df2aff40e77450cc64c') in 0.026399 seconds
Number of updated asset objects reloaded before import = 0
Number of asset objects unloaded after import = 11
========================================================================
Received Import Request.
  Time since last request: 0.000023 seconds.
  path: Assets/we/04.Models/FireWoods/FireWood/WoodLogs/Prefabs/HighEndPC/SM_AFS_Log01_HighEndPC.prefab
  artifactKey: Guid(6da09574a4d11db489447314799f14aa) Importer(815301076,1909f56bfc062723c751e8b465ee728b)
Start importing Assets/we/04.Models/FireWoods/FireWood/WoodLogs/Prefabs/HighEndPC/SM_AFS_Log01_HighEndPC.prefab using Guid(6da09574a4d11db489447314799f14aa) Importer(815301076,1909f56bfc062723c751e8b465ee728b)  -> (artifact id: 'd474b01b0ab2560c974c2218eecbb972') in 0.026340 seconds
Number of updated asset objects reloaded before import = 0
Number of asset objects unloaded after import = 11
========================================================================
Received Import Request.
  Time since last request: 0.000035 seconds.
  path: Assets/we/04.Models/FireWoods/FireWood/WoodLogs/Prefabs/HighEndPC/SM_AFS_Log02_HighEndPC.prefab
  artifactKey: Guid(634d4d26436646549a819fad88834d23) Importer(815301076,1909f56bfc062723c751e8b465ee728b)
Start importing Assets/we/04.Models/FireWoods/FireWood/WoodLogs/Prefabs/HighEndPC/SM_AFS_Log02_HighEndPC.prefab using Guid(634d4d26436646549a819fad88834d23) Importer(815301076,1909f56bfc062723c751e8b465ee728b)  -> (artifact id: 'cffe0a4518da18aed9db5eb523f34045') in 0.032365 seconds
Number of updated asset objects reloaded before import = 0
Number of asset objects unloaded after import = 11
========================================================================
Received Import Request.
  Time since last request: 0.000029 seconds.
  path: Assets/we/04.Models/FireWoods/FireWood/WoodLogs/Prefabs/Mobile/SM_AFS_Log03_Mobile.prefab
  artifactKey: Guid(31fd4005f9554e94c9f7f70e9941bfaa) Importer(815301076,1909f56bfc062723c751e8b465ee728b)
Start importing Assets/we/04.Models/FireWoods/FireWood/WoodLogs/Prefabs/Mobile/SM_AFS_Log03_Mobile.prefab using Guid(31fd4005f9554e94c9f7f70e9941bfaa) Importer(815301076,1909f56bfc062723c751e8b465ee728b)  -> (artifact id: 'ac8d70af73593eef6c1369043e4fa994') in 0.028961 seconds
Number of updated asset objects reloaded before import = 0
Number of asset objects unloaded after import = 11
========================================================================
Received Import Request.
  Time since last request: 0.000023 seconds.
  path: Assets/we/04.Models/FireWoods/FireWood/WoodLogs/Prefabs/LowEndPC/SM_AFS_Log01_LowEndPC.prefab
  artifactKey: Guid(8c0540ebf0a23ba46a025a1a7c524fb4) Importer(815301076,1909f56bfc062723c751e8b465ee728b)
Start importing Assets/we/04.Models/FireWoods/FireWood/WoodLogs/Prefabs/LowEndPC/SM_AFS_Log01_LowEndPC.prefab using Guid(8c0540ebf0a23ba46a025a1a7c524fb4) Importer(815301076,1909f56bfc062723c751e8b465ee728b)  -> (artifact id: '3c68bfa6bd16b4ea9ca7cf8e22d9e823') in 0.036214 seconds
Number of updated asset objects reloaded before import = 0
Number of asset objects unloaded after import = 11
========================================================================
Received Import Request.
  Time since last request: 0.000027 seconds.
  path: Assets/we/04.Models/FireWoods/FireWood/WoodLogs/Prefabs/LowEndPC/SM_AFS_Log03_LowEndPC.prefab
  artifactKey: Guid(5e437776d1f75a644a18603b35bb8dcd) Importer(815301076,1909f56bfc062723c751e8b465ee728b)
Start importing Assets/we/04.Models/FireWoods/FireWood/WoodLogs/Prefabs/LowEndPC/SM_AFS_Log03_LowEndPC.prefab using Guid(5e437776d1f75a644a18603b35bb8dcd) Importer(815301076,1909f56bfc062723c751e8b465ee728b)  -> (artifact id: '88a069aaaff86d75cb1480421de3b608') in 0.041039 seconds
Number of updated asset objects reloaded before import = 0
Number of asset objects unloaded after import = 11
========================================================================
Received Import Request.
  Time since last request: 0.000030 seconds.
  path: Assets/we/04.Models/FireWoods/FireWood/WoodLogs/Prefabs/VR/SM_AFS_Log02_VR.prefab
  artifactKey: Guid(bf9b544c0f3989f41a8e2ff5b8b96bda) Importer(815301076,1909f56bfc062723c751e8b465ee728b)
Start importing Assets/we/04.Models/FireWoods/FireWood/WoodLogs/Prefabs/VR/SM_AFS_Log02_VR.prefab using Guid(bf9b544c0f3989f41a8e2ff5b8b96bda) Importer(815301076,1909f56bfc062723c751e8b465ee728b)  -> (artifact id: '0c1e7a77cef8774dd0118a9eb90a319c') in 0.034051 seconds
Number of updated asset objects reloaded before import = 0
Number of asset objects unloaded after import = 11
========================================================================
Received Import Request.
  Time since last request: 0.000036 seconds.
  path: Assets/we/04.Models/FireWoods/FireWood/WoodLogs/Models/Mobile/SM_AFS_Log01_Mobile.fbx
  artifactKey: Guid(7936ba165d15a7b4b9c0c28e4f747f19) Importer(815301076,1909f56bfc062723c751e8b465ee728b)
Start importing Assets/we/04.Models/FireWoods/FireWood/WoodLogs/Models/Mobile/SM_AFS_Log01_Mobile.fbx using Guid(7936ba165d15a7b4b9c0c28e4f747f19) Importer(815301076,1909f56bfc062723c751e8b465ee728b)  -> (artifact id: 'd9b6ea0bedf3a1d691771d3118a2917c') in 0.026332 seconds
Number of updated asset objects reloaded before import = 0
Number of asset objects unloaded after import = 8
========================================================================
Received Import Request.
  Time since last request: 0.000055 seconds.
  path: Assets/we/04.Models/FireWoods/FireWood/WoodLogs/Prefabs/HighEndPC/SM_AFS_Log03_HighEndPC.prefab
  artifactKey: Guid(036a86bc2addca341b62e7b99b1ec301) Importer(815301076,1909f56bfc062723c751e8b465ee728b)
Start importing Assets/we/04.Models/FireWoods/FireWood/WoodLogs/Prefabs/HighEndPC/SM_AFS_Log03_HighEndPC.prefab using Guid(036a86bc2addca341b62e7b99b1ec301) Importer(815301076,1909f56bfc062723c751e8b465ee728b)  -> (artifact id: '8353d8646548af2fe3420e074704ecce') in 0.035824 seconds
Number of updated asset objects reloaded before import = 0
Number of asset objects unloaded after import = 11
========================================================================
Received Import Request.
  Time since last request: 0.000039 seconds.
  path: Assets/we/04.Models/FireWoods/FireWood/WoodLogs/Models/VR/SM_AFS_Log02_VR.fbx
  artifactKey: Guid(4b5d4aa5d8903944096b5eb0aad997fb) Importer(815301076,1909f56bfc062723c751e8b465ee728b)
Start importing Assets/we/04.Models/FireWoods/FireWood/WoodLogs/Models/VR/SM_AFS_Log02_VR.fbx using Guid(4b5d4aa5d8903944096b5eb0aad997fb) Importer(815301076,1909f56bfc062723c751e8b465ee728b)  -> (artifact id: '617af84a479295d8f8b7ac4d43228023') in 0.030761 seconds
Number of updated asset objects reloaded before import = 0
Number of asset objects unloaded after import = 8
========================================================================
Received Import Request.
  Time since last request: 0.000028 seconds.
  path: Assets/we/04.Models/FireWoods/FireWood/WoodLogs/Models/LowEndPC/SM_AFS_Log02_LowEndPC.fbx
  artifactKey: Guid(e3cce3896a41308488ee7432c80da28d) Importer(815301076,1909f56bfc062723c751e8b465ee728b)
Start importing Assets/we/04.Models/FireWoods/FireWood/WoodLogs/Models/LowEndPC/SM_AFS_Log02_LowEndPC.fbx using Guid(e3cce3896a41308488ee7432c80da28d) Importer(815301076,1909f56bfc062723c751e8b465ee728b)  -> (artifact id: '974fac7b747ecf3d182a13ee8069a178') in 0.032313 seconds
Number of updated asset objects reloaded before import = 0
Number of asset objects unloaded after import = 8
========================================================================
Received Import Request.
  Time since last request: 0.000035 seconds.
  path: Assets/we/04.Models/FireWoods/FireWood/WoodLogs/Prefabs/Cinematic/SM_AFS_Log03_Cinematic.prefab
  artifactKey: Guid(6724def978c695a429f4b876339a644c) Importer(815301076,1909f56bfc062723c751e8b465ee728b)
Start importing Assets/we/04.Models/FireWoods/FireWood/WoodLogs/Prefabs/Cinematic/SM_AFS_Log03_Cinematic.prefab using Guid(6724def978c695a429f4b876339a644c) Importer(815301076,1909f56bfc062723c751e8b465ee728b)  -> (artifact id: 'cd337acf881e3f9578a78a4bd0812049') in 0.035338 seconds
Number of updated asset objects reloaded before import = 0
Number of asset objects unloaded after import = 11
========================================================================
Received Import Request.
  Time since last request: 5.115086 seconds.
  path: Assets/we/04.Models/FireWoods/FireWood/WoodLogs/Models/VR/SM_AFS_Log03_VR.fbx
  artifactKey: Guid(9876462f5dc94b049a75555e44baf23f) Importer(815301076,1909f56bfc062723c751e8b465ee728b)
Start importing Assets/we/04.Models/FireWoods/FireWood/WoodLogs/Models/VR/SM_AFS_Log03_VR.fbx using Guid(9876462f5dc94b049a75555e44baf23f) Importer(815301076,1909f56bfc062723c751e8b465ee728b)  -> (artifact id: '205f06c938a4117c053d1a3d63923c8d') in 0.022610 seconds
Number of updated asset objects reloaded before import = 0
Number of asset objects unloaded after import = 8
========================================================================
Received Import Request.
  Time since last request: 7.500694 seconds.
  path: Assets/we/04.Models/FireWoods/FireWood/WoodLogs/Prefabs/Cinematic/SM_AFS_Log10_Cinematic.prefab
  artifactKey: Guid(fe10b0ab2d80dba4b9402f348a74945a) Importer(815301076,1909f56bfc062723c751e8b465ee728b)
Start importing Assets/we/04.Models/FireWoods/FireWood/WoodLogs/Prefabs/Cinematic/SM_AFS_Log10_Cinematic.prefab using Guid(fe10b0ab2d80dba4b9402f348a74945a) Importer(815301076,1909f56bfc062723c751e8b465ee728b)  -> (artifact id: '64abed4212d8689380632590498966a4') in 0.030138 seconds
Number of updated asset objects reloaded before import = 0
Number of asset objects unloaded after import = 11
========================================================================
Received Import Request.
  Time since last request: 0.000034 seconds.
  path: Assets/we/04.Models/FireWoods/FireWood/WoodLogs/Models/LowEndPC/SM_AFS_Log12_LowEndPC.fbx
  artifactKey: Guid(6df44e0d7fe2e0a4e9aafa01859cf7c8) Importer(815301076,1909f56bfc062723c751e8b465ee728b)
Start importing Assets/we/04.Models/FireWoods/FireWood/WoodLogs/Models/LowEndPC/SM_AFS_Log12_LowEndPC.fbx using Guid(6df44e0d7fe2e0a4e9aafa01859cf7c8) Importer(815301076,1909f56bfc062723c751e8b465ee728b)  -> (artifact id: '6be6002203c0f33672821043c321ba22') in 0.020596 seconds
Number of updated asset objects reloaded before import = 0
Number of asset objects unloaded after import = 8
========================================================================
Received Import Request.
  Time since last request: 0.000040 seconds.
  path: Assets/we/04.Models/FireWoods/FireWood/WoodLogs/Prefabs/Mobile/SM_AFS_Log10_Mobile.prefab
  artifactKey: Guid(36de87c46521e394baf28aea6ba5a575) Importer(815301076,1909f56bfc062723c751e8b465ee728b)
Start importing Assets/we/04.Models/FireWoods/FireWood/WoodLogs/Prefabs/Mobile/SM_AFS_Log10_Mobile.prefab using Guid(36de87c46521e394baf28aea6ba5a575) Importer(815301076,1909f56bfc062723c751e8b465ee728b)  -> (artifact id: '67b7ebe1a33be1c56d8568502732bfc0') in 0.023554 seconds
Number of updated asset objects reloaded before import = 0
Number of asset objects unloaded after import = 11
========================================================================
Received Import Request.
  Time since last request: 0.000024 seconds.
  path: Assets/we/04.Models/FireWoods/FireWood/WoodLogs/Models/Mobile/SM_AFS_Log12_Mobile.fbx
  artifactKey: Guid(ab21c3392f91c194ebf566388549c27d) Importer(815301076,1909f56bfc062723c751e8b465ee728b)
Start importing Assets/we/04.Models/FireWoods/FireWood/WoodLogs/Models/Mobile/SM_AFS_Log12_Mobile.fbx using Guid(ab21c3392f91c194ebf566388549c27d) Importer(815301076,1909f56bfc062723c751e8b465ee728b)  -> (artifact id: 'e168594e0be912eb94de8078d8ac53a6') in 0.022988 seconds
Number of updated asset objects reloaded before import = 0
Number of asset objects unloaded after import = 8
========================================================================
Received Import Request.
  Time since last request: 0.000033 seconds.
  path: Assets/we/04.Models/FireWoods/FireWood/WoodLogs/Prefabs/VR/SM_AFS_Log11_VR.prefab
  artifactKey: Guid(83928efa930e1ae49811089136d64016) Importer(815301076,1909f56bfc062723c751e8b465ee728b)
Start importing Assets/we/04.Models/FireWoods/FireWood/WoodLogs/Prefabs/VR/SM_AFS_Log11_VR.prefab using Guid(83928efa930e1ae49811089136d64016) Importer(815301076,1909f56bfc062723c751e8b465ee728b)  -> (artifact id: '725ccbdb78b70ad50095b11f55394bb9') in 0.024759 seconds
Number of updated asset objects reloaded before import = 0
Number of asset objects unloaded after import = 11
========================================================================
Received Import Request.
  Time since last request: 0.000034 seconds.
  path: Assets/we/04.Models/FireWoods/FireWood/WoodLogs/Models/Cinematic/SM_AFS_Log12_Cinematic.FBX
  artifactKey: Guid(6705e2be3ca4c3e4dad2e34987a83e09) Importer(815301076,1909f56bfc062723c751e8b465ee728b)
Start importing Assets/we/04.Models/FireWoods/FireWood/WoodLogs/Models/Cinematic/SM_AFS_Log12_Cinematic.FBX using Guid(6705e2be3ca4c3e4dad2e34987a83e09) Importer(815301076,1909f56bfc062723c751e8b465ee728b)  -> (artifact id: 'd8be43064c92e10bb6b00ceb0c791f2f') in 0.019918 seconds
Number of updated asset objects reloaded before import = 0
Number of asset objects unloaded after import = 8
========================================================================
Received Import Request.
  Time since last request: 0.000030 seconds.
  path: Assets/we/04.Models/FireWoods/FireWood/WoodLogs/Models/Mobile/SM_AFS_Log11_Mobile.fbx
  artifactKey: Guid(c3f96658728a5164f8cc95b6a9adfb6b) Importer(815301076,1909f56bfc062723c751e8b465ee728b)
Start importing Assets/we/04.Models/FireWoods/FireWood/WoodLogs/Models/Mobile/SM_AFS_Log11_Mobile.fbx using Guid(c3f96658728a5164f8cc95b6a9adfb6b) Importer(815301076,1909f56bfc062723c751e8b465ee728b)  -> (artifact id: '77b487afb1294ff1c3543f9994d10d49') in 0.020867 seconds
Number of updated asset objects reloaded before import = 0
Number of asset objects unloaded after import = 8
========================================================================
Received Import Request.
  Time since last request: 0.000030 seconds.
  path: Assets/we/04.Models/FireWoods/FireWood/WoodLogs/Prefabs/VR/SM_AFS_Log12_VR.prefab
  artifactKey: Guid(25c2011bcf6058848b7124cb0fec32aa) Importer(815301076,1909f56bfc062723c751e8b465ee728b)
Start importing Assets/we/04.Models/FireWoods/FireWood/WoodLogs/Prefabs/VR/SM_AFS_Log12_VR.prefab using Guid(25c2011bcf6058848b7124cb0fec32aa) Importer(815301076,1909f56bfc062723c751e8b465ee728b)  -> (artifact id: '0e85fc69e8c6bb34ac8a014b5256c4d7') in 0.024884 seconds
Number of updated asset objects reloaded before import = 0
Number of asset objects unloaded after import = 11
========================================================================
Received Import Request.
  Time since last request: 0.000025 seconds.
  path: Assets/we/04.Models/FireWoods/FireWood/WoodLogs/Models/VR/SM_AFS_Log12_VR.fbx
  artifactKey: Guid(b49909d1b52c3734e98c7b37e97c9d4a) Importer(815301076,1909f56bfc062723c751e8b465ee728b)
Start importing Assets/we/04.Models/FireWoods/FireWood/WoodLogs/Models/VR/SM_AFS_Log12_VR.fbx using Guid(b49909d1b52c3734e98c7b37e97c9d4a) Importer(815301076,1909f56bfc062723c751e8b465ee728b)  -> (artifact id: 'a992ea2535c0dfb4eee7c1a723700713') in 0.019039 seconds
Number of updated asset objects reloaded before import = 0
Number of asset objects unloaded after import = 8
========================================================================
Received Import Request.
  Time since last request: 0.000026 seconds.
  path: Assets/we/04.Models/FireWoods/FireWood/WoodLogs/Prefabs/HighEndPC/SM_AFS_Log12_HighEndPC.prefab
  artifactKey: Guid(7346113a56c34db4d85119e30628973d) Importer(815301076,1909f56bfc062723c751e8b465ee728b)
Start importing Assets/we/04.Models/FireWoods/FireWood/WoodLogs/Prefabs/HighEndPC/SM_AFS_Log12_HighEndPC.prefab using Guid(7346113a56c34db4d85119e30628973d) Importer(815301076,1909f56bfc062723c751e8b465ee728b)  -> (artifact id: 'a9b74380cdb9e58b9e5d544797defc0b') in 0.027224 seconds
Number of updated asset objects reloaded before import = 0
Number of asset objects unloaded after import = 11
========================================================================
Received Import Request.
  Time since last request: 0.000024 seconds.
  path: Assets/we/04.Models/FireWoods/FireWood/WoodLogs/Prefabs/LowEndPC/SM_AFS_Log12_LowEndPC.prefab
  artifactKey: Guid(4a6ee92c5738f3049bda69346b5dde57) Importer(815301076,1909f56bfc062723c751e8b465ee728b)
Start importing Assets/we/04.Models/FireWoods/FireWood/WoodLogs/Prefabs/LowEndPC/SM_AFS_Log12_LowEndPC.prefab using Guid(4a6ee92c5738f3049bda69346b5dde57) Importer(815301076,1909f56bfc062723c751e8b465ee728b)  -> (artifact id: '54b4afb07533b89b6eb61487d993f32d') in 0.024644 seconds
Number of updated asset objects reloaded before import = 0
Number of asset objects unloaded after import = 11
========================================================================
Received Import Request.
  Time since last request: 0.000025 seconds.
  path: Assets/we/04.Models/FireWoods/FireWood/WoodLogs/Prefabs/Mobile/SM_AFS_Log15_Mobile.prefab
  artifactKey: Guid(171a4fa5930bd284399dcb563a4d73d1) Importer(815301076,1909f56bfc062723c751e8b465ee728b)
Start importing Assets/we/04.Models/FireWoods/FireWood/WoodLogs/Prefabs/Mobile/SM_AFS_Log15_Mobile.prefab using Guid(171a4fa5930bd284399dcb563a4d73d1) Importer(815301076,1909f56bfc062723c751e8b465ee728b)  -> (artifact id: '6c7aaeb5972d9f5eb4ff0ce65aa000c6') in 0.018286 seconds
Number of updated asset objects reloaded before import = 0
Number of asset objects unloaded after import = 11
========================================================================
Received Import Request.
  Time since last request: 0.000022 seconds.
  path: Assets/we/04.Models/FireWoods/FireWood/WoodLogs/Models/HighEndPC/SM_AFS_Log15_HighEndPC.fbx
  artifactKey: Guid(6c0a34842053adb44bc5588ecab4a23e) Importer(815301076,1909f56bfc062723c751e8b465ee728b)
Start importing Assets/we/04.Models/FireWoods/FireWood/WoodLogs/Models/HighEndPC/SM_AFS_Log15_HighEndPC.fbx using Guid(6c0a34842053adb44bc5588ecab4a23e) Importer(815301076,1909f56bfc062723c751e8b465ee728b)  -> (artifact id: '8ccc8d487614fa325f74e829898ca720') in 0.020307 seconds
Number of updated asset objects reloaded before import = 0
Number of asset objects unloaded after import = 8
========================================================================
Received Import Request.
  Time since last request: 0.000029 seconds.
  path: Assets/we/04.Models/FireWoods/FireWood/WoodLogs/Models/LowEndPC/SM_AFS_Log10_LowEndPC.fbx
  artifactKey: Guid(62c764dcc2402de4fbac5ee6bf6a273f) Importer(815301076,1909f56bfc062723c751e8b465ee728b)
Start importing Assets/we/04.Models/FireWoods/FireWood/WoodLogs/Models/LowEndPC/SM_AFS_Log10_LowEndPC.fbx using Guid(62c764dcc2402de4fbac5ee6bf6a273f) Importer(815301076,1909f56bfc062723c751e8b465ee728b)  -> (artifact id: '60869a456dbdc98308ada9ffe72ad322') in 0.018533 seconds
Number of updated asset objects reloaded before import = 0
Number of asset objects unloaded after import = 8
========================================================================
Received Import Request.
  Time since last request: 0.000044 seconds.
  path: Assets/we/04.Models/FireWoods/FireWood/WoodLogs/Models/HighEndPC/SM_AFS_Log11_HighEndPC.fbx
  artifactKey: Guid(932bcc85b02f0674ea40187b6393b792) Importer(815301076,1909f56bfc062723c751e8b465ee728b)
Start importing Assets/we/04.Models/FireWoods/FireWood/WoodLogs/Models/HighEndPC/SM_AFS_Log11_HighEndPC.fbx using Guid(932bcc85b02f0674ea40187b6393b792) Importer(815301076,1909f56bfc062723c751e8b465ee728b)  -> (artifact id: '412bcee9ca9bd606a9546a8452eef1a5') in 0.019808 seconds
Number of updated asset objects reloaded before import = 0
Number of asset objects unloaded after import = 8
========================================================================
Received Import Request.
  Time since last request: 0.000027 seconds.
  path: Assets/we/04.Models/FireWoods/FireWood/WoodLogs/Models/HighEndPC/SM_AFS_Log12_HighEndPC.fbx
  artifactKey: Guid(1acd5b6940db6be48896af899f7824df) Importer(815301076,1909f56bfc062723c751e8b465ee728b)
Start importing Assets/we/04.Models/FireWoods/FireWood/WoodLogs/Models/HighEndPC/SM_AFS_Log12_HighEndPC.fbx using Guid(1acd5b6940db6be48896af899f7824df) Importer(815301076,1909f56bfc062723c751e8b465ee728b)  -> (artifact id: '05e30cade29aff952d54f9fd24e82015') in 0.016887 seconds
Number of updated asset objects reloaded before import = 0
Number of asset objects unloaded after import = 8
========================================================================
Received Import Request.
  Time since last request: 0.193573 seconds.
  path: Assets/we/04.Models/FireWoods/FireWood/WoodLogs/Prefabs/Cinematic/SM_AFS_Log16_Cinematic.prefab
  artifactKey: Guid(8ef62d6282d2f2c41bd447f64b959530) Importer(815301076,1909f56bfc062723c751e8b465ee728b)
Start importing Assets/we/04.Models/FireWoods/FireWood/WoodLogs/Prefabs/Cinematic/SM_AFS_Log16_Cinematic.prefab using Guid(8ef62d6282d2f2c41bd447f64b959530) Importer(815301076,1909f56bfc062723c751e8b465ee728b)  -> (artifact id: 'a82764f695d62123834cb832333c802d') in 0.031193 seconds
Number of updated asset objects reloaded before import = 0
Number of asset objects unloaded after import = 11
========================================================================
Received Import Request.
  Time since last request: 0.000028 seconds.
  path: Assets/we/04.Models/FireWoods/FireWood/WoodLogs/Models/VR/SM_AFS_Log16_VR.fbx
  artifactKey: Guid(f5af008af29147a4a9c49de9c4347717) Importer(815301076,1909f56bfc062723c751e8b465ee728b)
Start importing Assets/we/04.Models/FireWoods/FireWood/WoodLogs/Models/VR/SM_AFS_Log16_VR.fbx using Guid(f5af008af29147a4a9c49de9c4347717) Importer(815301076,1909f56bfc062723c751e8b465ee728b)  -> (artifact id: 'd6f5c0badde8a474e74484bfd0c3ea4e') in 0.021123 seconds
Number of updated asset objects reloaded before import = 0
Number of asset objects unloaded after import = 8
========================================================================
Received Import Request.
  Time since last request: 0.000022 seconds.
  path: Assets/we/04.Models/SM_AFS_Log16_VR.prefab
  artifactKey: Guid(c1a6fc2282842d64a9cf64908256721e) Importer(815301076,1909f56bfc062723c751e8b465ee728b)
Start importing Assets/we/04.Models/SM_AFS_Log16_VR.prefab using Guid(c1a6fc2282842d64a9cf64908256721e) Importer(815301076,1909f56bfc062723c751e8b465ee728b)  -> (artifact id: '8d5dc5b4212894a0adaba166001fd666') in 0.022919 seconds
Number of updated asset objects reloaded before import = 0
Number of asset objects unloaded after import = 17
TcpMessagingSession - receive error
AssetImportWorkerClient::OnTransportError - code=10054 error=      .
