Using pre-set license
Built from '2022.3/release' branch; Version is '2022.3.12f1 (4fe6e059c7ef) revision 5236448'; Using compiler version '192829333'; Build Type 'Release'
OS: 'Windows 11  (10.0.22631) 64bit Core' Language: 'ko' Physical Memory: 32609 MB
BatchMode: 1, IsHumanControllingUs: 0, StartBugReporterOnCrash: 0, Is64bit: 1, IsPro: 1

COMMAND LINE ARGUMENTS:
C:\Program Files\Unity\Hub\Editor\2022.3.12f1\Editor\Unity.exe
-adb2
-batchMode
-noUpm
-name
AssetImportWorker2
-projectPath
C:/GitHub_JorJack/VR
-logFile
Logs/AssetImportWorker2.log
-srvPort
2363
Successfully changed project path to: C:/GitHub_JorJack/VR
C:/GitHub_JorJack/VR
[UnityMemory] Configuration Parameters - Can be set up in boot.config
    "memorysetup-bucket-allocator-granularity=16"
    "memorysetup-bucket-allocator-bucket-count=8"
    "memorysetup-bucket-allocator-block-size=33554432"
    "memorysetup-bucket-allocator-block-count=8"
    "memorysetup-main-allocator-block-size=16777216"
    "memorysetup-thread-allocator-block-size=16777216"
    "memorysetup-gfx-main-allocator-block-size=16777216"
    "memorysetup-gfx-thread-allocator-block-size=16777216"
    "memorysetup-cache-allocator-block-size=4194304"
    "memorysetup-typetree-allocator-block-size=2097152"
    "memorysetup-profiler-bucket-allocator-granularity=16"
    "memorysetup-profiler-bucket-allocator-bucket-count=8"
    "memorysetup-profiler-bucket-allocator-block-size=33554432"
    "memorysetup-profiler-bucket-allocator-block-count=8"
    "memorysetup-profiler-allocator-block-size=16777216"
    "memorysetup-profiler-editor-allocator-block-size=1048576"
    "memorysetup-temp-allocator-size-main=16777216"
    "memorysetup-job-temp-allocator-block-size=2097152"
    "memorysetup-job-temp-allocator-block-size-background=1048576"
    "memorysetup-job-temp-allocator-reduction-small-platforms=262144"
    "memorysetup-allocator-temp-initial-block-size-main=262144"
    "memorysetup-allocator-temp-initial-block-size-worker=262144"
    "memorysetup-temp-allocator-size-background-worker=32768"
    "memorysetup-temp-allocator-size-job-worker=262144"
    "memorysetup-temp-allocator-size-preload-manager=33554432"
    "memorysetup-temp-allocator-size-nav-mesh-worker=65536"
    "memorysetup-temp-allocator-size-audio-worker=65536"
    "memorysetup-temp-allocator-size-cloud-worker=32768"
    "memorysetup-temp-allocator-size-gi-baking-worker=262144"
    "memorysetup-temp-allocator-size-gfx=262144"
Player connection [16136] Host "[IP] 192.168.219.102 [Port] 0 [Flags] 2 [Guid] 733686575 [EditorId] 733686575 [Version] 1048832 [Id] WindowsEditor(7,DESKTOP-382ULNV) [Debug] 1 [PackageName] WindowsEditor [ProjectName] Editor" joined multi-casting on [225.0.0.222:54997]...

Player connection [16136] Host "[IP] 192.168.219.102 [Port] 0 [Flags] 2 [Guid] 733686575 [EditorId] 733686575 [Version] 1048832 [Id] WindowsEditor(7,DESKTOP-382ULNV) [Debug] 1 [PackageName] WindowsEditor [ProjectName] Editor" joined alternative multi-casting on [225.0.0.222:34997]...

[Physics::Module] Initialized MultithreadedJobDispatcher with 11 workers.
Refreshing native plugins compatible for Editor in 22.01 ms, found 12 plugins.
Preloading 2 native plugins for Editor in 1.77 ms.
Initialize engine version: 2022.3.12f1 (4fe6e059c7ef)
[Subsystems] Discovering subsystems at path C:/Program Files/Unity/Hub/Editor/2022.3.12f1/Editor/Data/Resources/UnitySubsystems
[Subsystems] Discovering subsystems at path C:/GitHub_JorJack/VR/Assets
GfxDevice: creating device client; threaded=0; jobified=0
Direct3D:
    Version:  Direct3D 11.0 [level 11.1]
    Renderer: NVIDIA GeForce RTX 3070 Ti (ID=0x2482)
    Vendor:   NVIDIA
    VRAM:     8018 MB
    Driver:   32.0.15.7216
Shader 'Oculus/OVRMRCameraFrameLit': fallback shader 'Alpha-Diffuse' not found
Initialize mono
Mono path[0] = 'C:/Program Files/Unity/Hub/Editor/2022.3.12f1/Editor/Data/Managed'
Mono path[1] = 'C:/Program Files/Unity/Hub/Editor/2022.3.12f1/Editor/Data/MonoBleedingEdge/lib/mono/unityjit-win32'
Mono config path = 'C:/Program Files/Unity/Hub/Editor/2022.3.12f1/Editor/Data/MonoBleedingEdge/etc'
Using monoOptions --debugger-agent=transport=dt_socket,embedding=1,server=y,suspend=n,address=127.0.0.1:56176
Begin MonoManager ReloadAssembly
Registering precompiled unity dll's ...
Register platform support module: C:/Program Files/Unity/Hub/Editor/2022.3.12f1/Editor/Data/PlaybackEngines/AndroidPlayer/UnityEditor.Android.Extensions.dll
Register platform support module: C:/Program Files/Unity/Hub/Editor/2022.3.12f1/Editor/Data/PlaybackEngines/WindowsStandaloneSupport/UnityEditor.WindowsStandalone.Extensions.dll
Registered in 0.005536 seconds.
- Loaded All Assemblies, in  0.350 seconds
Native extension for WindowsStandalone target not found
Native extension for Android target not found
Android Extension - Scanning For ADB Devices 216 ms
Mono: successfully reloaded assembly
- Finished resetting the current domain, in  0.530 seconds
Domain Reload Profiling: 879ms
	BeginReloadAssembly (104ms)
		ExecutionOrderSort (0ms)
		DisableScriptedObjects (0ms)
		BackupInstance (0ms)
		ReleaseScriptingObjects (0ms)
		CreateAndSetChildDomain (1ms)
	RebuildCommonClasses (33ms)
	RebuildNativeTypeToScriptingClass (10ms)
	initialDomainReloadingComplete (54ms)
	LoadAllAssembliesAndSetupDomain (148ms)
		LoadAssemblies (103ms)
		RebuildTransferFunctionScriptingTraits (0ms)
		AnalyzeDomain (145ms)
			TypeCache.Refresh (144ms)
				TypeCache.ScanAssembly (133ms)
			ScanForSourceGeneratedMonoScriptInfo (0ms)
			ResolveRequiredComponents (0ms)
	FinalizeReload (530ms)
		ReleaseScriptCaches (0ms)
		RebuildScriptCaches (0ms)
		SetupLoadedEditorAssemblies (474ms)
			LogAssemblyErrors (0ms)
			InitializePlatformSupportModulesInManaged (323ms)
			SetLoadedEditorAssemblies (4ms)
			RefreshPlugins (0ms)
			BeforeProcessingInitializeOnLoad (2ms)
			ProcessInitializeOnLoadAttributes (99ms)
			ProcessInitializeOnLoadMethodAttributes (45ms)
			AfterProcessingInitializeOnLoad (0ms)
			EditorAssembliesLoaded (0ms)
		ExecutionOrderSort2 (0ms)
		AwakeInstancesAfterBackupRestoration (0ms)
========================================================================
Worker process is ready to serve import requests
Begin MonoManager ReloadAssembly
Assembly 'Assets/we/02.Map/Tutorial_map/DB/ExternalDependencyManager/Editor/1.2.183/Google.IOSResolver.dll' will not be loaded due to errors:
Unable to resolve reference 'UnityEditor.iOS.Extensions.Xcode'. Is the assembly missing or incompatible with the current platform?
Reference validation can be disabled in the Plugin Inspector.
Assembly 'Assets/we/02.Map/Tutorial_map/DB/Firebase/Editor/Firebase.Editor.dll' will not be loaded due to errors:
Unable to resolve reference 'UnityEditor.iOS.Extensions.Xcode'. Is the assembly missing or incompatible with the current platform?
Reference validation can be disabled in the Plugin Inspector.
- Loaded All Assemblies, in  0.950 seconds
Refreshing native plugins compatible for Editor in 14.97 ms, found 12 plugins.
Native extension for WindowsStandalone target not found
Native extension for Android target not found
Package Manager log level set to [2]
[Package Manager] Server::EnsureServerProcessIsRunning -- launch failed, reason: Unity was launched with the -noUpm command-line argument
[Package Manager] UpmClient::Send -- Unable to send message (not connected to UPM process).
[Package Manager] Cannot connect to Unity Package Manager local server
[Package Manager] Server::EnsureServerProcessIsRunning -- launch failed, reason: Unity was launched with the -noUpm command-line argument
[Package Manager] UpmClient::Send -- Unable to send message (not connected to UPM process).
[Package Manager] Cannot connect to Unity Package Manager local server
[XR] OculusXRPlugin: registering subsystems
[XR] Unable to register display lifecyle provider: [1]
[XR] Oculus Input lifecycle provider registered.
[XR] Unable to register input lifecyle provider: [1]
[XR] OVRP version 1.89.1
Mono: successfully reloaded assembly
[Package Manager] Server::EnsureServerProcessIsRunning -- launch failed, reason: Unity was launched with the -noUpm command-line argument
[Package Manager] UpmClient::Send -- Unable to send message (not connected to UPM process).
[Package Manager] Cannot connect to Unity Package Manager local server
[Package Manager] Server::EnsureServerProcessIsRunning -- launch failed, reason: Unity was launched with the -noUpm command-line argument
[Package Manager] UpmClient::Send -- Unable to send message (not connected to UPM process).
[Package Manager] Cannot connect to Unity Package Manager local server
- Finished resetting the current domain, in  0.886 seconds
Domain Reload Profiling: 1833ms
	BeginReloadAssembly (140ms)
		ExecutionOrderSort (0ms)
		DisableScriptedObjects (6ms)
		BackupInstance (0ms)
		ReleaseScriptingObjects (0ms)
		CreateAndSetChildDomain (23ms)
	RebuildCommonClasses (36ms)
	RebuildNativeTypeToScriptingClass (9ms)
	initialDomainReloadingComplete (51ms)
	LoadAllAssembliesAndSetupDomain (711ms)
		LoadAssemblies (440ms)
		RebuildTransferFunctionScriptingTraits (0ms)
		AnalyzeDomain (350ms)
			TypeCache.Refresh (270ms)
				TypeCache.ScanAssembly (248ms)
			ScanForSourceGeneratedMonoScriptInfo (54ms)
			ResolveRequiredComponents (24ms)
	FinalizeReload (886ms)
		ReleaseScriptCaches (0ms)
		RebuildScriptCaches (0ms)
		SetupLoadedEditorAssemblies (623ms)
			LogAssemblyErrors (0ms)
			InitializePlatformSupportModulesInManaged (23ms)
			SetLoadedEditorAssemblies (6ms)
			RefreshPlugins (0ms)
			BeforeProcessingInitializeOnLoad (111ms)
			ProcessInitializeOnLoadAttributes (412ms)
			ProcessInitializeOnLoadMethodAttributes (68ms)
			AfterProcessingInitializeOnLoad (4ms)
			EditorAssembliesLoaded (0ms)
		ExecutionOrderSort2 (0ms)
		AwakeInstancesAfterBackupRestoration (5ms)
Shader 'Oculus/OVRMRCameraFrameLit': fallback shader 'Alpha-Diffuse' not found
Launched and connected shader compiler UnityShaderCompiler.exe after 0.04 seconds
Refreshing native plugins compatible for Editor in 20.36 ms, found 12 plugins.
Preloading 2 native plugins for Editor in 0.10 ms.
Unloading 9178 Unused Serialized files (Serialized files now loaded: 0)
Unloading 159 unused Assets / (2.5 MB). Loaded Objects now: 9598.
Memory consumption went from 359.8 MB to 357.3 MB.
Total: 10.108900 ms (FindLiveObjects: 1.118200 ms CreateObjectMapping: 0.646400 ms MarkObjects: 6.907800 ms  DeleteObjects: 1.434500 ms)

AssetImportParameters requested are different than current active one (requested -> active):
  custom:container-demuxer-ogg: 62fdf1f143b41e24485cea50d1cbac27 -> 
  custom:framework-win-MediaFoundation: 216162199b28c13a410421893ffa2e32 -> 
  custom:container-muxer-webm: aa71ff27fc2769a1b78a27578f13a17b -> 
  custom:video-decoder-webm-vp8: 9c59270c3fd7afecdb556c50c9e8de78 -> 
  custom:SearchIndexIgnoredProperties: e643bd26f0fe6173181afceb89e7c659 -> 
  custom:AudioImporter_EditorPlatform: d09bf68614088b80899f8185d706f6e7 -> 
  custom:audio-decoder-ogg-vorbis: bf7c407c2cedff20999df2af8eb42d56 -> 
  custom:audio-encoder-webm-vorbis: bf7c407c2cedff20999df2af8eb42d56 -> 
  custom:video-codec-MediaFoundation-h265: 746d11721c4dcdbdad8f713fa42b33f4 -> 
  custom:video-decoder-ogg-theora: a1e56fd34408186e4bbccfd4996cb3dc -> 
  custom:CustomObjectIndexerAttribute: a3ef5dd2817f97addfee359851a9dba5 -> 
  custom:container-demuxer-webm: 4f35f7cbe854078d1ac9338744f61a02 -> 
  custom:video-encoder-webm-vp8: eb34c28f22e8b96e1ab97ce403110664 -> 
========================================================================
Received Import Request.
  Time since last request: 1739.689167 seconds.
  path: Assets/we/04.Models/FireWoods/FireWood/WoodLogs/Models/HighEndPC/SM_AFS_Log01_HighEndPC.fbx
  artifactKey: Guid(ab243e6ab320be54c89286067abaf541) Importer(815301076,1909f56bfc062723c751e8b465ee728b)
Start importing Assets/we/04.Models/FireWoods/FireWood/WoodLogs/Models/HighEndPC/SM_AFS_Log01_HighEndPC.fbx using Guid(ab243e6ab320be54c89286067abaf541) Importer(815301076,1909f56bfc062723c751e8b465ee728b)  -> (artifact id: '365394447eee1f49516f905e34821ddf') in 0.453503 seconds
Number of updated asset objects reloaded before import = 0
Number of asset objects unloaded after import = 8
========================================================================
Received Import Request.
  Time since last request: 4.724188 seconds.
  path: Assets/we/04.Models/FireWoods/FireWood/WoodLogs/Models/Mobile/SM_AFS_Log03_Mobile.fbx
  artifactKey: Guid(8607071a2a6715c46967a01cdd212c80) Importer(815301076,1909f56bfc062723c751e8b465ee728b)
Start importing Assets/we/04.Models/FireWoods/FireWood/WoodLogs/Models/Mobile/SM_AFS_Log03_Mobile.fbx using Guid(8607071a2a6715c46967a01cdd212c80) Importer(815301076,1909f56bfc062723c751e8b465ee728b)  -> (artifact id: 'fc6eb74cbd73c97421b51b57a74b578f') in 0.022403 seconds
Number of updated asset objects reloaded before import = 0
Number of asset objects unloaded after import = 8
========================================================================
Received Import Request.
  Time since last request: 7.500585 seconds.
  path: Assets/we/04.Models/FireWoods/FireWood/WoodLogs/Models/Cinematic/SM_AFS_Log10_Cinematic.FBX
  artifactKey: Guid(176e1dff48aaf2747a6e6e29601f06a2) Importer(815301076,1909f56bfc062723c751e8b465ee728b)
Start importing Assets/we/04.Models/FireWoods/FireWood/WoodLogs/Models/Cinematic/SM_AFS_Log10_Cinematic.FBX using Guid(176e1dff48aaf2747a6e6e29601f06a2) Importer(815301076,1909f56bfc062723c751e8b465ee728b)  -> (artifact id: 'dc356329b49976e3a85f809773f16360') in 0.024390 seconds
Number of updated asset objects reloaded before import = 0
Number of asset objects unloaded after import = 8
========================================================================
Received Import Request.
  Time since last request: 0.000022 seconds.
  path: Assets/we/04.Models/FireWoods/FireWood/WoodLogs/Prefabs/VR/SM_AFS_Log10_VR.prefab
  artifactKey: Guid(7ac564642ec4e8242a059e9968ec818a) Importer(815301076,1909f56bfc062723c751e8b465ee728b)
Start importing Assets/we/04.Models/FireWoods/FireWood/WoodLogs/Prefabs/VR/SM_AFS_Log10_VR.prefab using Guid(7ac564642ec4e8242a059e9968ec818a) Importer(815301076,1909f56bfc062723c751e8b465ee728b)  -> (artifact id: 'fb98126cb841079edf0784a2a142c9a9') in 0.244130 seconds
Number of updated asset objects reloaded before import = 0
Number of asset objects unloaded after import = 11
========================================================================
Received Import Request.
  Time since last request: 0.000044 seconds.
  path: Assets/we/04.Models/FireWoods/FireWood/WoodLogs/Models/Mobile/SM_AFS_Log10_Mobile.fbx
  artifactKey: Guid(8b04f6cac3391554d995b0a99ee87ff2) Importer(815301076,1909f56bfc062723c751e8b465ee728b)
Start importing Assets/we/04.Models/FireWoods/FireWood/WoodLogs/Models/Mobile/SM_AFS_Log10_Mobile.fbx using Guid(8b04f6cac3391554d995b0a99ee87ff2) Importer(815301076,1909f56bfc062723c751e8b465ee728b)  -> (artifact id: '027f2c57355e16989d98536807d62eac') in 0.017555 seconds
Number of updated asset objects reloaded before import = 0
Number of asset objects unloaded after import = 8
========================================================================
Received Import Request.
  Time since last request: 0.000036 seconds.
  path: Assets/we/04.Models/FireWoods/FireWood/WoodLogs/Prefabs/LowEndPC/SM_AFS_Log10_LowEndPC.prefab
  artifactKey: Guid(f90b0c6cb322a0c4abac04b5052be846) Importer(815301076,1909f56bfc062723c751e8b465ee728b)
Start importing Assets/we/04.Models/FireWoods/FireWood/WoodLogs/Prefabs/LowEndPC/SM_AFS_Log10_LowEndPC.prefab using Guid(f90b0c6cb322a0c4abac04b5052be846) Importer(815301076,1909f56bfc062723c751e8b465ee728b)  -> (artifact id: '87a4ee709e1c4f8334878aaa79f8bfa3') in 0.027938 seconds
Number of updated asset objects reloaded before import = 0
Number of asset objects unloaded after import = 11
========================================================================
Received Import Request.
  Time since last request: 0.000021 seconds.
  path: Assets/we/04.Models/FireWoods/FireWood/WoodLogs/Prefabs/Cinematic/SM_AFS_Log15_Cinematic.prefab
  artifactKey: Guid(ab77e7b848ab6bf448286d07cf34a0a8) Importer(815301076,1909f56bfc062723c751e8b465ee728b)
Start importing Assets/we/04.Models/FireWoods/FireWood/WoodLogs/Prefabs/Cinematic/SM_AFS_Log15_Cinematic.prefab using Guid(ab77e7b848ab6bf448286d07cf34a0a8) Importer(815301076,1909f56bfc062723c751e8b465ee728b)  -> (artifact id: 'd4995053c345a724b75cbd1615f41c49') in 0.023957 seconds
Number of updated asset objects reloaded before import = 0
Number of asset objects unloaded after import = 11
========================================================================
Received Import Request.
  Time since last request: 0.000028 seconds.
  path: Assets/we/04.Models/FireWoods/FireWood/WoodLogs/Models/VR/SM_AFS_Log15_VR.fbx
  artifactKey: Guid(33befa1db16fe5c46bc98eeb6ac24c32) Importer(815301076,1909f56bfc062723c751e8b465ee728b)
Start importing Assets/we/04.Models/FireWoods/FireWood/WoodLogs/Models/VR/SM_AFS_Log15_VR.fbx using Guid(33befa1db16fe5c46bc98eeb6ac24c32) Importer(815301076,1909f56bfc062723c751e8b465ee728b)  -> (artifact id: 'adac6f6df2b3a780c6f56a1e6408c8c5') in 0.017659 seconds
Number of updated asset objects reloaded before import = 0
Number of asset objects unloaded after import = 8
========================================================================
Received Import Request.
  Time since last request: 0.000031 seconds.
  path: Assets/we/04.Models/FireWoods/FireWood/WoodLogs/Prefabs/VR/SM_AFS_Log15_VR.prefab
  artifactKey: Guid(8437eff0e22135d4ea4877315589ae28) Importer(815301076,1909f56bfc062723c751e8b465ee728b)
Start importing Assets/we/04.Models/FireWoods/FireWood/WoodLogs/Prefabs/VR/SM_AFS_Log15_VR.prefab using Guid(8437eff0e22135d4ea4877315589ae28) Importer(815301076,1909f56bfc062723c751e8b465ee728b)  -> (artifact id: 'dac9701414fa8ccf19514d30d30f2c70') in 0.022457 seconds
Number of updated asset objects reloaded before import = 0
Number of asset objects unloaded after import = 11
========================================================================
Received Import Request.
  Time since last request: 0.000040 seconds.
  path: Assets/we/04.Models/FireWoods/FireWood/WoodLogs/Models/Cinematic/SM_AFS_Log15_Cinematic.FBX
  artifactKey: Guid(d2abe8ccd9853f84cbb2f8402163397a) Importer(815301076,1909f56bfc062723c751e8b465ee728b)
Start importing Assets/we/04.Models/FireWoods/FireWood/WoodLogs/Models/Cinematic/SM_AFS_Log15_Cinematic.FBX using Guid(d2abe8ccd9853f84cbb2f8402163397a) Importer(815301076,1909f56bfc062723c751e8b465ee728b)  -> (artifact id: '37d1907b66b2ab55fd455ebcef163831') in 0.019713 seconds
Number of updated asset objects reloaded before import = 0
Number of asset objects unloaded after import = 8
========================================================================
Received Import Request.
  Time since last request: 0.000139 seconds.
  path: Assets/we/04.Models/FireWoods/FireWood/WoodLogs/Models/HighEndPC/SM_AFS_Log10_HighEndPC.fbx
  artifactKey: Guid(08b4de2bf035c1241ad91a9200b82c92) Importer(815301076,1909f56bfc062723c751e8b465ee728b)
Start importing Assets/we/04.Models/FireWoods/FireWood/WoodLogs/Models/HighEndPC/SM_AFS_Log10_HighEndPC.fbx using Guid(08b4de2bf035c1241ad91a9200b82c92) Importer(815301076,1909f56bfc062723c751e8b465ee728b)  -> (artifact id: '62786b497244a94acc66d112d91ddd4f') in 0.020031 seconds
Number of updated asset objects reloaded before import = 0
Number of asset objects unloaded after import = 8
========================================================================
Received Import Request.
  Time since last request: 0.222191 seconds.
  path: Assets/we/04.Models/FireWoods/FireWood/WoodLogs/Models/Cinematic/SM_AFS_Log16_Cinematic.FBX
  artifactKey: Guid(7406b80da64ed6b4a8c3bdb35d6a1c63) Importer(815301076,1909f56bfc062723c751e8b465ee728b)
Start importing Assets/we/04.Models/FireWoods/FireWood/WoodLogs/Models/Cinematic/SM_AFS_Log16_Cinematic.FBX using Guid(7406b80da64ed6b4a8c3bdb35d6a1c63) Importer(815301076,1909f56bfc062723c751e8b465ee728b)  -> (artifact id: '8a35e593e770a2321689cff546950323') in 0.025843 seconds
Number of updated asset objects reloaded before import = 0
Number of asset objects unloaded after import = 8
========================================================================
Received Import Request.
  Time since last request: 0.000039 seconds.
  path: Assets/we/04.Models/FireWoods/FireWood/WoodLogs/Models/Mobile/SM_AFS_Log16_Mobile.fbx
  artifactKey: Guid(b87f50e82b03c184c92beabca43884b4) Importer(815301076,1909f56bfc062723c751e8b465ee728b)
Start importing Assets/we/04.Models/FireWoods/FireWood/WoodLogs/Models/Mobile/SM_AFS_Log16_Mobile.fbx using Guid(b87f50e82b03c184c92beabca43884b4) Importer(815301076,1909f56bfc062723c751e8b465ee728b)  -> (artifact id: '6c1712e595ef3796a33c0d81bfb35b9d') in 0.021505 seconds
Number of updated asset objects reloaded before import = 0
Number of asset objects unloaded after import = 8
========================================================================
Received Import Request.
  Time since last request: 0.000023 seconds.
  path: Assets/we/04.Models/FireWoods/FireWood/WoodLogs/Prefabs/HighEndPC/SM_AFS_Log16_HighEndPC.prefab
  artifactKey: Guid(0467642a82687de44a470d6af8eaa700) Importer(815301076,1909f56bfc062723c751e8b465ee728b)
Start importing Assets/we/04.Models/FireWoods/FireWood/WoodLogs/Prefabs/HighEndPC/SM_AFS_Log16_HighEndPC.prefab using Guid(0467642a82687de44a470d6af8eaa700) Importer(815301076,1909f56bfc062723c751e8b465ee728b)  -> (artifact id: 'e40c0c5223398140800d2c430edde5c2') in 0.024469 seconds
Number of updated asset objects reloaded before import = 0
Number of asset objects unloaded after import = 11
========================================================================
Received Import Request.
  Time since last request: 0.000029 seconds.
  path: Assets/we/04.Models/FireWoods/FireWood/WoodLogs/Prefabs/LowEndPC/SM_AFS_Log16_LowEndPC.prefab
  artifactKey: Guid(0956dcd031250f5499349cc579b09e04) Importer(815301076,1909f56bfc062723c751e8b465ee728b)
Start importing Assets/we/04.Models/FireWoods/FireWood/WoodLogs/Prefabs/LowEndPC/SM_AFS_Log16_LowEndPC.prefab using Guid(0956dcd031250f5499349cc579b09e04) Importer(815301076,1909f56bfc062723c751e8b465ee728b)  -> (artifact id: 'c9ebf0df5b56823a2d532bd94a2b5d7d') in 0.025323 seconds
Number of updated asset objects reloaded before import = 0
Number of asset objects unloaded after import = 11
TcpMessagingSession - receive error
AssetImportWorkerClient::OnTransportError - code=10054 error=현재 연결은 원격 호스트에 의해 강제로 끊겼습니다.
